# JRE version: OpenJDK Runtime Environment (8.0_152-b01) (build 1.8.0_152-release-915-b01)
# Java VM: OpenJDK 64-Bit Server VM (25.152-b01 mixed mode windows-amd64 compressed oops)
Heap:
 PSYoungGen      total 412160K, used 201722K [0x00000000e0000000, 0x00000000fba80000, 0x0000000100000000)
  eden space 372736K, 52% used [0x00000000e0000000,0x00000000ebd72bb0,0x00000000f6c00000)
  from space 39424K, 19% used [0x00000000f9100000,0x00000000f988c040,0x00000000fb780000)
  to   space 37888K, 0% used [0x00000000f6c00000,0x00000000f6c00000,0x00000000f9100000)
 ParOldGen       total 200192K, used 106666K [0x00000000a0000000, 0x00000000ac380000, 0x00000000e0000000)
  object space 200192K, 53% used [0x00000000a0000000,0x00000000a682ab88,0x00000000ac380000)
 Metaspace       used 82001K, capacity 85464K, committed 85592K, reserved 1124352K
  class space    used 10296K, capacity 11121K, committed 11136K, reserved 1048576K
GC Heap History (10 events):
Event: 72.852 GC heap before
{Heap before GC invocations=32 (full 4):
 PSYoungGen      total 256000K, used 224495K [0x00000000e0000000, 0x00000000f3e80000, 0x0000000100000000)
  eden space 209920K, 99% used [0x00000000e0000000,0x00000000eccb08c0,0x00000000ecd00000)
  from space 46080K, 32% used [0x00000000ecd00000,0x00000000edb8b650,0x00000000efa00000)
  to   space 44032K, 0% used [0x00000000f1380000,0x00000000f1380000,0x00000000f3e80000)
 ParOldGen       total 200192K, used 101218K [0x00000000a0000000, 0x00000000ac380000, 0x00000000e0000000)
  object space 200192K, 50% used [0x00000000a0000000,0x00000000a62d8940,0x00000000ac380000)
 Metaspace       used 76102K, capacity 78822K, committed 79064K, reserved 1118208K
  class space    used 9745K, capacity 10410K, committed 10496K, reserved 1048576K
Event: 72.866 GC heap after
Heap after GC invocations=32 (full 4):
 PSYoungGen      total 283136K, used 7405K [0x00000000e0000000, 0x00000000f5300000, 0x0000000100000000)
  eden space 239104K, 0% used [0x00000000e0000000,0x00000000e0000000,0x00000000ee980000)
  from space 44032K, 16% used [0x00000000f1380000,0x00000000f1abb428,0x00000000f3e80000)
  to   space 43008K, 0% used [0x00000000ee980000,0x00000000ee980000,0x00000000f1380000)
 ParOldGen       total 200192K, used 101226K [0x00000000a0000000, 0x00000000ac380000, 0x00000000e0000000)
  object space 200192K, 50% used [0x00000000a0000000,0x00000000a62da940,0x00000000ac380000)
 Metaspace       used 76102K, capacity 78822K, committed 79064K, reserved 1118208K
  class space    used 9745K, capacity 10410K, committed 10496K, reserved 1048576K
}
Event: 72.896 GC heap before
{Heap before GC invocations=33 (full 4):
 PSYoungGen      total 283136K, used 245874K [0x00000000e0000000, 0x00000000f5300000, 0x0000000100000000)
  eden space 239104K, 99% used [0x00000000e0000000,0x00000000ee8e1718,0x00000000ee980000)
  from space 44032K, 16% used [0x00000000f1380000,0x00000000f1abb428,0x00000000f3e80000)
  to   space 43008K, 0% used [0x00000000ee980000,0x00000000ee980000,0x00000000f1380000)
 ParOldGen       total 200192K, used 101226K [0x00000000a0000000, 0x00000000ac380000, 0x00000000e0000000)
  object space 200192K, 50% used [0x00000000a0000000,0x00000000a62da940,0x00000000ac380000)
 Metaspace       used 76108K, capacity 78822K, committed 79064K, reserved 1118208K
  class space    used 9745K, capacity 10410K, committed 10496K, reserved 1048576K
Event: 72.908 GC heap after
Heap after GC invocations=33 (full 4):
 PSYoungGen      total 282112K, used 7254K [0x00000000e0000000, 0x00000000f7900000, 0x0000000100000000)
  eden space 239104K, 0% used [0x00000000e0000000,0x00000000e0000000,0x00000000ee980000)
  from space 43008K, 16% used [0x00000000ee980000,0x00000000ef095838,0x00000000f1380000)
  to   space 41984K, 0% used [0x00000000f5000000,0x00000000f5000000,0x00000000f7900000)
 ParOldGen       total 200192K, used 101234K [0x00000000a0000000, 0x00000000ac380000, 0x00000000e0000000)
  object space 200192K, 50% used [0x00000000a0000000,0x00000000a62dc940,0x00000000ac380000)
 Metaspace       used 76108K, capacity 78822K, committed 79064K, reserved 1118208K
  class space    used 9745K, capacity 10410K, committed 10496K, reserved 1048576K
}
Event: 259.083 GC heap before
{Heap before GC invocations=34 (full 4):
 PSYoungGen      total 282112K, used 246358K [0x00000000e0000000, 0x00000000f7900000, 0x0000000100000000)
  eden space 239104K, 100% used [0x00000000e0000000,0x00000000ee980000,0x00000000ee980000)
  from space 43008K, 16% used [0x00000000ee980000,0x00000000ef095838,0x00000000f1380000)
  to   space 41984K, 0% used [0x00000000f5000000,0x00000000f5000000,0x00000000f7900000)
 ParOldGen       total 200192K, used 101234K [0x00000000a0000000, 0x00000000ac380000, 0x00000000e0000000)
  object space 200192K, 50% used [0x00000000a0000000,0x00000000a62dc940,0x00000000ac380000)
 Metaspace       used 79474K, capacity 82458K, committed 82776K, reserved 1122304K
  class space    used 10050K, capacity 10758K, committed 10880K, reserved 1048576K
Event: 259.104 GC heap after
Heap after GC invocations=34 (full 4):
 PSYoungGen      total 336896K, used 4724K [0x00000000e0000000, 0x00000000f7480000, 0x0000000100000000)
  eden space 299520K, 0% used [0x00000000e0000000,0x00000000e0000000,0x00000000f2480000)
  from space 37376K, 12% used [0x00000000f5000000,0x00000000f549d390,0x00000000f7480000)
  to   space 40960K, 0% used [0x00000000f2480000,0x00000000f2480000,0x00000000f4c80000)
 ParOldGen       total 200192K, used 105965K [0x00000000a0000000, 0x00000000ac380000, 0x00000000e0000000)
  object space 200192K, 52% used [0x00000000a0000000,0x00000000a677b628,0x00000000ac380000)
 Metaspace       used 79474K, capacity 82458K, committed 82776K, reserved 1122304K
  class space    used 10050K, capacity 10758K, committed 10880K, reserved 1048576K
}
Event: 263.375 GC heap before
{Heap before GC invocations=35 (full 4):
 PSYoungGen      total 336896K, used 303840K [0x00000000e0000000, 0x00000000f7480000, 0x0000000100000000)
  eden space 299520K, 99% used [0x00000000e0000000,0x00000000f241ac80,0x00000000f2480000)
  from space 37376K, 12% used [0x00000000f5000000,0x00000000f549d390,0x00000000f7480000)
  to   space 40960K, 0% used [0x00000000f2480000,0x00000000f2480000,0x00000000f4c80000)
 ParOldGen       total 200192K, used 105965K [0x00000000a0000000, 0x00000000ac380000, 0x00000000e0000000)
  object space 200192K, 52% used [0x00000000a0000000,0x00000000a677b628,0x00000000ac380000)
 Metaspace       used 80602K, capacity 83962K, committed 84184K, reserved 1122304K
  class space    used 10180K, capacity 10963K, committed 11008K, reserved 1048576K
Event: 263.402 GC heap after
Heap after GC invocations=35 (full 4):
 PSYoungGen      total 340480K, used 9095K [0x00000000e0000000, 0x00000000fb780000, 0x0000000100000000)
  eden space 299520K, 0% used [0x00000000e0000000,0x00000000e0000000,0x00000000f2480000)
  from space 40960K, 22% used [0x00000000f2480000,0x00000000f2d61cc8,0x00000000f4c80000)
  to   space 39424K, 0% used [0x00000000f9100000,0x00000000f9100000,0x00000000fb780000)
 ParOldGen       total 200192K, used 106666K [0x00000000a0000000, 0x00000000ac380000, 0x00000000e0000000)
  object space 200192K, 53% used [0x00000000a0000000,0x00000000a682ab88,0x00000000ac380000)
 Metaspace       used 80602K, capacity 83962K, committed 84184K, reserved 1122304K
  class space    used 10180K, capacity 10963K, committed 11008K, reserved 1048576K
}
Event: 263.462 GC heap before
{Heap before GC invocations=36 (full 4):
 PSYoungGen      total 340480K, used 308491K [0x00000000e0000000, 0x00000000fb780000, 0x0000000100000000)
  eden space 299520K, 99% used [0x00000000e0000000,0x00000000f2460fb8,0x00000000f2480000)
  from space 40960K, 22% used [0x00000000f2480000,0x00000000f2d61cc8,0x00000000f4c80000)
  to   space 39424K, 0% used [0x00000000f9100000,0x00000000f9100000,0x00000000fb780000)
 ParOldGen       total 200192K, used 106666K [0x00000000a0000000, 0x00000000ac380000, 0x00000000e0000000)
  object space 200192K, 53% used [0x00000000a0000000,0x00000000a682ab88,0x00000000ac380000)
 Metaspace       used 80602K, capacity 83962K, committed 84184K, reserved 1122304K
  class space    used 10180K, capacity 10963K, committed 11008K, reserved 1048576K
Event: 263.486 GC heap after
Heap after GC invocations=36 (full 4):
 PSYoungGen      total 412160K, used 7728K [0x00000000e0000000, 0x00000000fba80000, 0x0000000100000000)
  eden space 372736K, 0% used [0x00000000e0000000,0x00000000e0000000,0x00000000f6c00000)
  from space 39424K, 19% used [0x00000000f9100000,0x00000000f988c040,0x00000000fb780000)
  to   space 37888K, 0% used [0x00000000f6c00000,0x00000000f6c00000,0x00000000f9100000)
 ParOldGen       total 200192K, used 106666K [0x00000000a0000000, 0x00000000ac380000, 0x00000000e0000000)
  object space 200192K, 53% used [0x00000000a0000000,0x00000000a682ab88,0x00000000ac380000)
 Metaspace       used 80602K, capacity 83962K, committed 84184K, reserved 1122304K
  class space    used 10180K, capacity 10963K, committed 11008K, reserved 1048576K
}

