# JRE version: OpenJDK Runtime Environment (8.0_152-b01) (build 1.8.0_152-release-915-b01)
# Java VM: OpenJDK 64-Bit Server VM (25.152-b01 mixed mode windows-amd64 compressed oops)
Heap:
 PSYoungGen      total 363520K, used 244284K [0x00000000e0000000, 0x00000000f8b00000, 0x0000000100000000)
  eden space 322560K, 75% used [0x00000000e0000000,0x00000000eee0f6d0,0x00000000f3b00000)
  from space 40960K, 1% used [0x00000000f3b00000,0x00000000f3b7fa50,0x00000000f6300000)
  to   space 36352K, 0% used [0x00000000f6780000,0x00000000f6780000,0x00000000f8b00000)
 ParOldGen       total 133632K, used 133156K [0x00000000a0000000, 0x00000000a8280000, 0x00000000e0000000)
  object space 133632K, 99% used [0x00000000a0000000,0x00000000a82091c8,0x00000000a8280000)
 Metaspace       used 81416K, capacity 84666K, committed 87296K, reserved 1124352K
  class space    used 10261K, capacity 11174K, committed 11776K, reserved 1048576K
GC Heap History (10 events):
Event: 2384.323 GC heap before
{Heap before GC invocations=25 (full 3):
 PSYoungGen      total 236032K, used 218123K [0x00000000e0000000, 0x00000000f4e00000, 0x0000000100000000)
  eden space 193536K, 100% used [0x00000000e0000000,0x00000000ebd00000,0x00000000ebd00000)
  from space 42496K, 57% used [0x00000000ebd00000,0x00000000ed502c38,0x00000000ee680000)
  to   space 42496K, 0% used [0x00000000f2480000,0x00000000f2480000,0x00000000f4e00000)
 ParOldGen       total 117248K, used 72934K [0x00000000a0000000, 0x00000000a7280000, 0x00000000e0000000)
  object space 117248K, 62% used [0x00000000a0000000,0x00000000a4739908,0x00000000a7280000)
 Metaspace       used 82229K, capacity 86304K, committed 86400K, reserved 1124352K
  class space    used 10539K, capacity 11640K, committed 11648K, reserved 1048576K
Event: 2384.406 GC heap after
Heap after GC invocations=25 (full 3):
 PSYoungGen      total 288256K, used 20146K [0x00000000e0000000, 0x00000000f4680000, 0x0000000100000000)
  eden space 253440K, 0% used [0x00000000e0000000,0x00000000e0000000,0x00000000ef780000)
  from space 34816K, 57% used [0x00000000f2480000,0x00000000f382ca38,0x00000000f4680000)
  to   space 40448K, 0% used [0x00000000ef780000,0x00000000ef780000,0x00000000f1f00000)
 ParOldGen       total 117248K, used 89066K [0x00000000a0000000, 0x00000000a7280000, 0x00000000e0000000)
  object space 117248K, 75% used [0x00000000a0000000,0x00000000a56fabb0,0x00000000a7280000)
 Metaspace       used 82229K, capacity 86304K, committed 86400K, reserved 1124352K
  class space    used 10539K, capacity 11640K, committed 11648K, reserved 1048576K
}
Event: 2386.087 GC heap before
{Heap before GC invocations=26 (full 3):
 PSYoungGen      total 288256K, used 273586K [0x00000000e0000000, 0x00000000f4680000, 0x0000000100000000)
  eden space 253440K, 100% used [0x00000000e0000000,0x00000000ef780000,0x00000000ef780000)
  from space 34816K, 57% used [0x00000000f2480000,0x00000000f382ca38,0x00000000f4680000)
  to   space 40448K, 0% used [0x00000000ef780000,0x00000000ef780000,0x00000000f1f00000)
 ParOldGen       total 117248K, used 89066K [0x00000000a0000000, 0x00000000a7280000, 0x00000000e0000000)
  object space 117248K, 75% used [0x00000000a0000000,0x00000000a56fabb0,0x00000000a7280000)
 Metaspace       used 82359K, capacity 86500K, committed 86656K, reserved 1124352K
  class space    used 10540K, capacity 11640K, committed 11648K, reserved 1048576K
Event: 2386.132 GC heap after
Heap after GC invocations=26 (full 3):
 PSYoungGen      total 293888K, used 23234K [0x00000000e0000000, 0x00000000f8e80000, 0x0000000100000000)
  eden space 253440K, 0% used [0x00000000e0000000,0x00000000e0000000,0x00000000ef780000)
  from space 40448K, 57% used [0x00000000ef780000,0x00000000f0e30ab8,0x00000000f1f00000)
  to   space 39936K, 0% used [0x00000000f6780000,0x00000000f6780000,0x00000000f8e80000)
 ParOldGen       total 117248K, used 92363K [0x00000000a0000000, 0x00000000a7280000, 0x00000000e0000000)
  object space 117248K, 78% used [0x00000000a0000000,0x00000000a5a32d40,0x00000000a7280000)
 Metaspace       used 82359K, capacity 86500K, committed 86656K, reserved 1124352K
  class space    used 10540K, capacity 11640K, committed 11648K, reserved 1048576K
}
Event: 2388.920 GC heap before
{Heap before GC invocations=27 (full 3):
 PSYoungGen      total 293888K, used 276674K [0x00000000e0000000, 0x00000000f8e80000, 0x0000000100000000)
  eden space 253440K, 100% used [0x00000000e0000000,0x00000000ef780000,0x00000000ef780000)
  from space 40448K, 57% used [0x00000000ef780000,0x00000000f0e30ab8,0x00000000f1f00000)
  to   space 39936K, 0% used [0x00000000f6780000,0x00000000f6780000,0x00000000f8e80000)
 ParOldGen       total 117248K, used 92363K [0x00000000a0000000, 0x00000000a7280000, 0x00000000e0000000)
  object space 117248K, 78% used [0x00000000a0000000,0x00000000a5a32d40,0x00000000a7280000)
 Metaspace       used 82485K, capacity 86692K, committed 86912K, reserved 1124352K
  class space    used 10550K, capacity 11640K, committed 11648K, reserved 1048576K
Event: 2388.940 GC heap after
Heap after GC invocations=27 (full 3):
 PSYoungGen      total 358912K, used 3536K [0x00000000e0000000, 0x00000000f8b00000, 0x0000000100000000)
  eden space 322560K, 0% used [0x00000000e0000000,0x00000000e0000000,0x00000000f3b00000)
  from space 36352K, 9% used [0x00000000f6780000,0x00000000f6af4020,0x00000000f8b00000)
  to   space 40960K, 0% used [0x00000000f3b00000,0x00000000f3b00000,0x00000000f6300000)
 ParOldGen       total 117248K, used 97212K [0x00000000a0000000, 0x00000000a7280000, 0x00000000e0000000)
  object space 117248K, 82% used [0x00000000a0000000,0x00000000a5eef368,0x00000000a7280000)
 Metaspace       used 82485K, capacity 86692K, committed 86912K, reserved 1124352K
  class space    used 10550K, capacity 11640K, committed 11648K, reserved 1048576K
}
Event: 2390.608 GC heap before
{Heap before GC invocations=28 (full 3):
 PSYoungGen      total 358912K, used 326096K [0x00000000e0000000, 0x00000000f8b00000, 0x0000000100000000)
  eden space 322560K, 100% used [0x00000000e0000000,0x00000000f3b00000,0x00000000f3b00000)
  from space 36352K, 9% used [0x00000000f6780000,0x00000000f6af4020,0x00000000f8b00000)
  to   space 40960K, 0% used [0x00000000f3b00000,0x00000000f3b00000,0x00000000f6300000)
 ParOldGen       total 117248K, used 97212K [0x00000000a0000000, 0x00000000a7280000, 0x00000000e0000000)
  object space 117248K, 82% used [0x00000000a0000000,0x00000000a5eef368,0x00000000a7280000)
 Metaspace       used 82779K, capacity 86994K, committed 87296K, reserved 1124352K
  class space    used 10580K, capacity 11675K, committed 11776K, reserved 1048576K
Event: 2390.699 GC heap after
Heap after GC invocations=28 (full 3):
 PSYoungGen      total 363520K, used 40959K [0x00000000e0000000, 0x00000000f8b00000, 0x0000000100000000)
  eden space 322560K, 0% used [0x00000000e0000000,0x00000000e0000000,0x00000000f3b00000)
  from space 40960K, 99% used [0x00000000f3b00000,0x00000000f62ffc98,0x00000000f6300000)
  to   space 36352K, 0% used [0x00000000f6780000,0x00000000f6780000,0x00000000f8b00000)
 ParOldGen       total 133632K, used 133237K [0x00000000a0000000, 0x00000000a8280000, 0x00000000e0000000)
  object space 133632K, 99% used [0x00000000a0000000,0x00000000a821d480,0x00000000a8280000)
 Metaspace       used 82779K, capacity 86994K, committed 87296K, reserved 1124352K
  class space    used 10580K, capacity 11675K, committed 11776K, reserved 1048576K
}
Event: 2390.699 GC heap before
{Heap before GC invocations=29 (full 4):
 PSYoungGen      total 363520K, used 40959K [0x00000000e0000000, 0x00000000f8b00000, 0x0000000100000000)
  eden space 322560K, 0% used [0x00000000e0000000,0x00000000e0000000,0x00000000f3b00000)
  from space 40960K, 99% used [0x00000000f3b00000,0x00000000f62ffc98,0x00000000f6300000)
  to   space 36352K, 0% used [0x00000000f6780000,0x00000000f6780000,0x00000000f8b00000)
 ParOldGen       total 133632K, used 133237K [0x00000000a0000000, 0x00000000a8280000, 0x00000000e0000000)
  object space 133632K, 99% used [0x00000000a0000000,0x00000000a821d480,0x00000000a8280000)
 Metaspace       used 82779K, capacity 86994K, committed 87296K, reserved 1124352K
  class space    used 10580K, capacity 11675K, committed 11776K, reserved 1048576K
Event: 2391.741 GC heap after
Heap after GC invocations=29 (full 4):
 PSYoungGen      total 363520K, used 510K [0x00000000e0000000, 0x00000000f8b00000, 0x0000000100000000)
  eden space 322560K, 0% used [0x00000000e0000000,0x00000000e0000000,0x00000000f3b00000)
  from space 40960K, 1% used [0x00000000f3b00000,0x00000000f3b7fa50,0x00000000f6300000)
  to   space 36352K, 0% used [0x00000000f6780000,0x00000000f6780000,0x00000000f8b00000)
 ParOldGen       total 133632K, used 133156K [0x00000000a0000000, 0x00000000a8280000, 0x00000000e0000000)
  object space 133632K, 99% used [0x00000000a0000000,0x00000000a82091c8,0x00000000a8280000)
 Metaspace       used 80873K, capacity 84140K, committed 87296K, reserved 1124352K
  class space    used 10209K, capacity 11105K, committed 11776K, reserved 1048576K
}

