# JRE version: OpenJDK Runtime Environment (8.0_152-b01) (build 1.8.0_152-release-915-b01)
# Java VM: OpenJDK 64-Bit Server VM (25.152-b01 mixed mode windows-amd64 compressed oops)
Heap:
 PSYoungGen      total 395776K, used 156194K [0x00000000e0000000, 0x00000000ff900000, 0x0000000100000000)
  eden space 322048K, 46% used [0x00000000e0000000,0x00000000e93a4b88,0x00000000f3a80000)
  from space 73728K, 6% used [0x00000000f3a80000,0x00000000f3f64020,0x00000000f8280000)
  to   space 71680K, 0% used [0x00000000fb300000,0x00000000fb300000,0x00000000ff900000)
 ParOldGen       total 210432K, used 98980K [0x00000000a0000000, 0x00000000acd80000, 0x00000000e0000000)
  object space 210432K, 47% used [0x00000000a0000000,0x00000000a60a9048,0x00000000acd80000)
 Metaspace       used 81634K, capacity 86472K, committed 86616K, reserved 1124352K
  class space    used 10048K, capacity 11032K, committed 11136K, reserved 1048576K
GC Heap History (10 events):
Event: 1804.059 GC heap before
{Heap before GC invocations=44 (full 5):
 PSYoungGen      total 354816K, used 320526K [0x00000000e0000000, 0x00000000fa800000, 0x0000000100000000)
  eden space 277504K, 99% used [0x00000000e0000000,0x00000000f0ed6ea8,0x00000000f0f00000)
  from space 77312K, 55% used [0x00000000f5a80000,0x00000000f84ac990,0x00000000fa600000)
  to   space 77312K, 0% used [0x00000000f0f00000,0x00000000f0f00000,0x00000000f5a80000)
 ParOldGen       total 210432K, used 98624K [0x00000000a0000000, 0x00000000acd80000, 0x00000000e0000000)
  object space 210432K, 46% used [0x00000000a0000000,0x00000000a6050008,0x00000000acd80000)
 Metaspace       used 81015K, capacity 85676K, committed 85976K, reserved 1124352K
  class space    used 10003K, capacity 10951K, committed 11008K, reserved 1048576K
Event: 1804.068 GC heap after
Heap after GC invocations=44 (full 5):
 PSYoungGen      total 354816K, used 8852K [0x00000000e0000000, 0x00000000fcd80000, 0x0000000100000000)
  eden space 277504K, 0% used [0x00000000e0000000,0x00000000e0000000,0x00000000f0f00000)
  from space 77312K, 11% used [0x00000000f0f00000,0x00000000f17a5310,0x00000000f5a80000)
  to   space 76800K, 0% used [0x00000000f8280000,0x00000000f8280000,0x00000000fcd80000)
 ParOldGen       total 210432K, used 98632K [0x00000000a0000000, 0x00000000acd80000, 0x00000000e0000000)
  object space 210432K, 46% used [0x00000000a0000000,0x00000000a6052008,0x00000000acd80000)
 Metaspace       used 81015K, capacity 85676K, committed 85976K, reserved 1124352K
  class space    used 10003K, capacity 10951K, committed 11008K, reserved 1048576K
}
Event: 1804.172 GC heap before
{Heap before GC invocations=45 (full 5):
 PSYoungGen      total 354816K, used 286151K [0x00000000e0000000, 0x00000000fcd80000, 0x0000000100000000)
  eden space 277504K, 99% used [0x00000000e0000000,0x00000000f0ecca18,0x00000000f0f00000)
  from space 77312K, 11% used [0x00000000f0f00000,0x00000000f17a5310,0x00000000f5a80000)
  to   space 76800K, 0% used [0x00000000f8280000,0x00000000f8280000,0x00000000fcd80000)
 ParOldGen       total 210432K, used 98632K [0x00000000a0000000, 0x00000000acd80000, 0x00000000e0000000)
  object space 210432K, 46% used [0x00000000a0000000,0x00000000a6052008,0x00000000acd80000)
 Metaspace       used 81034K, capacity 85676K, committed 85976K, reserved 1124352K
  class space    used 10003K, capacity 10951K, committed 11008K, reserved 1048576K
Event: 1804.184 GC heap after
Heap after GC invocations=45 (full 5):
 PSYoungGen      total 395776K, used 2260K [0x00000000e0000000, 0x00000000fd880000, 0x0000000100000000)
  eden space 318976K, 0% used [0x00000000e0000000,0x00000000e0000000,0x00000000f3780000)
  from space 76800K, 2% used [0x00000000f8280000,0x00000000f84b52a0,0x00000000fcd80000)
  to   space 76800K, 0% used [0x00000000f3780000,0x00000000f3780000,0x00000000f8280000)
 ParOldGen       total 210432K, used 98632K [0x00000000a0000000, 0x00000000acd80000, 0x00000000e0000000)
  object space 210432K, 46% used [0x00000000a0000000,0x00000000a6052008,0x00000000acd80000)
 Metaspace       used 81034K, capacity 85676K, committed 85976K, reserved 1124352K
  class space    used 10003K, capacity 10951K, committed 11008K, reserved 1048576K
}
Event: 1804.270 GC heap before
{Heap before GC invocations=46 (full 5):
 PSYoungGen      total 395776K, used 320482K [0x00000000e0000000, 0x00000000fd880000, 0x0000000100000000)
  eden space 318976K, 99% used [0x00000000e0000000,0x00000000f36c35d0,0x00000000f3780000)
  from space 76800K, 2% used [0x00000000f8280000,0x00000000f84b52a0,0x00000000fcd80000)
  to   space 76800K, 0% used [0x00000000f3780000,0x00000000f3780000,0x00000000f8280000)
 ParOldGen       total 210432K, used 98632K [0x00000000a0000000, 0x00000000acd80000, 0x00000000e0000000)
  object space 210432K, 46% used [0x00000000a0000000,0x00000000a6052008,0x00000000acd80000)
 Metaspace       used 81034K, capacity 85676K, committed 85976K, reserved 1124352K
  class space    used 10003K, capacity 10951K, committed 11008K, reserved 1048576K
Event: 1804.275 GC heap after
Heap after GC invocations=46 (full 5):
 PSYoungGen      total 395776K, used 2017K [0x00000000e0000000, 0x00000000fd880000, 0x0000000100000000)
  eden space 318976K, 0% used [0x00000000e0000000,0x00000000e0000000,0x00000000f3780000)
  from space 76800K, 2% used [0x00000000f3780000,0x00000000f3978760,0x00000000f8280000)
  to   space 76800K, 0% used [0x00000000f8280000,0x00000000f8280000,0x00000000fcd80000)
 ParOldGen       total 210432K, used 98632K [0x00000000a0000000, 0x00000000acd80000, 0x00000000e0000000)
  object space 210432K, 46% used [0x00000000a0000000,0x00000000a6052008,0x00000000acd80000)
 Metaspace       used 81034K, capacity 85676K, committed 85976K, reserved 1124352K
  class space    used 10003K, capacity 10951K, committed 11008K, reserved 1048576K
}
Event: 1834.197 GC heap before
{Heap before GC invocations=47 (full 5):
 PSYoungGen      total 395776K, used 320867K [0x00000000e0000000, 0x00000000fd880000, 0x0000000100000000)
  eden space 318976K, 99% used [0x00000000e0000000,0x00000000f37606b8,0x00000000f3780000)
  from space 76800K, 2% used [0x00000000f3780000,0x00000000f3978760,0x00000000f8280000)
  to   space 76800K, 0% used [0x00000000f8280000,0x00000000f8280000,0x00000000fcd80000)
 ParOldGen       total 210432K, used 98632K [0x00000000a0000000, 0x00000000acd80000, 0x00000000e0000000)
  object space 210432K, 46% used [0x00000000a0000000,0x00000000a6052008,0x00000000acd80000)
 Metaspace       used 81219K, capacity 85950K, committed 86232K, reserved 1124352K
  class space    used 10016K, capacity 10994K, committed 11008K, reserved 1048576K
Event: 1834.214 GC heap after
Heap after GC invocations=47 (full 5):
 PSYoungGen      total 398848K, used 6274K [0x00000000e0000000, 0x00000000ff900000, 0x0000000100000000)
  eden space 322048K, 0% used [0x00000000e0000000,0x00000000e0000000,0x00000000f3a80000)
  from space 76800K, 8% used [0x00000000f8280000,0x00000000f88a0b80,0x00000000fcd80000)
  to   space 73728K, 0% used [0x00000000f3a80000,0x00000000f3a80000,0x00000000f8280000)
 ParOldGen       total 210432K, used 98640K [0x00000000a0000000, 0x00000000acd80000, 0x00000000e0000000)
  object space 210432K, 46% used [0x00000000a0000000,0x00000000a6054008,0x00000000acd80000)
 Metaspace       used 81219K, capacity 85950K, committed 86232K, reserved 1124352K
  class space    used 10016K, capacity 10994K, committed 11008K, reserved 1048576K
}
Event: 1834.423 GC heap before
{Heap before GC invocations=48 (full 5):
 PSYoungGen      total 398848K, used 328322K [0x00000000e0000000, 0x00000000ff900000, 0x0000000100000000)
  eden space 322048K, 100% used [0x00000000e0000000,0x00000000f3a80000,0x00000000f3a80000)
  from space 76800K, 8% used [0x00000000f8280000,0x00000000f88a0b80,0x00000000fcd80000)
  to   space 73728K, 0% used [0x00000000f3a80000,0x00000000f3a80000,0x00000000f8280000)
 ParOldGen       total 210432K, used 98640K [0x00000000a0000000, 0x00000000acd80000, 0x00000000e0000000)
  object space 210432K, 46% used [0x00000000a0000000,0x00000000a6054008,0x00000000acd80000)
 Metaspace       used 81235K, capacity 85962K, committed 86232K, reserved 1124352K
  class space    used 10017K, capacity 10996K, committed 11008K, reserved 1048576K
Event: 1834.439 GC heap after
Heap after GC invocations=48 (full 5):
 PSYoungGen      total 395776K, used 5008K [0x00000000e0000000, 0x00000000ff900000, 0x0000000100000000)
  eden space 322048K, 0% used [0x00000000e0000000,0x00000000e0000000,0x00000000f3a80000)
  from space 73728K, 6% used [0x00000000f3a80000,0x00000000f3f64020,0x00000000f8280000)
  to   space 71680K, 0% used [0x00000000fb300000,0x00000000fb300000,0x00000000ff900000)
 ParOldGen       total 210432K, used 98980K [0x00000000a0000000, 0x00000000acd80000, 0x00000000e0000000)
  object space 210432K, 47% used [0x00000000a0000000,0x00000000a60a9048,0x00000000acd80000)
 Metaspace       used 81235K, capacity 85962K, committed 86232K, reserved 1124352K
  class space    used 10017K, capacity 10996K, committed 11008K, reserved 1048576K
}

