# JRE version: OpenJDK Runtime Environment (8.0_152-b01) (build 1.8.0_152-release-915-b01)
# Java VM: OpenJDK 64-Bit Server VM (25.152-b01 mixed mode windows-amd64 compressed oops)
Heap:
 PSYoungGen      total 325632K, used 194133K [0x00000000e0000000, 0x00000000f6a00000, 0x0000000100000000)
  eden space 280576K, 69% used [0x00000000e0000000,0x00000000ebd95688,0x00000000f1200000)
  from space 45056K, 0% used [0x00000000f1200000,0x00000000f1200000,0x00000000f3e00000)
  to   space 45056K, 0% used [0x00000000f3e00000,0x00000000f3e00000,0x00000000f6a00000)
 ParOldGen       total 101888K, used 76966K [0x00000000a0000000, 0x00000000a6380000, 0x00000000e0000000)
  object space 101888K, 75% used [0x00000000a0000000,0x00000000a4b29b30,0x00000000a6380000)
 Metaspace       used 87684K, capacity 93306K, committed 93696K, reserved 1130496K
  class space    used 11243K, capacity 12677K, committed 12800K, reserved 1048576K
GC Heap History (10 events):
Event: 1551.966 GC heap before
{Heap before GC invocations=29 (full 3):
 PSYoungGen      total 286720K, used 286699K [0x00000000e0000000, 0x00000000f6a00000, 0x0000000100000000)
  eden space 248832K, 100% used [0x00000000e0000000,0x00000000ef300000,0x00000000ef300000)
  from space 37888K, 99% used [0x00000000ef300000,0x00000000f17facb8,0x00000000f1800000)
  to   space 45056K, 0% used [0x00000000f3e00000,0x00000000f3e00000,0x00000000f6a00000)
 ParOldGen       total 97280K, used 78126K [0x00000000a0000000, 0x00000000a5f00000, 0x00000000e0000000)
  object space 97280K, 80% used [0x00000000a0000000,0x00000000a4c4b810,0x00000000a5f00000)
 Metaspace       used 86198K, capacity 91852K, committed 92160K, reserved 1128448K
  class space    used 11083K, capacity 12489K, committed 12544K, reserved 1048576K
Event: 1552.030 GC heap after
Heap after GC invocations=29 (full 3):
 PSYoungGen      total 325632K, used 26901K [0x00000000e0000000, 0x00000000f6a00000, 0x0000000100000000)
  eden space 280576K, 0% used [0x00000000e0000000,0x00000000e0000000,0x00000000f1200000)
  from space 45056K, 59% used [0x00000000f3e00000,0x00000000f5845610,0x00000000f6a00000)
  to   space 45056K, 0% used [0x00000000f1200000,0x00000000f1200000,0x00000000f3e00000)
 ParOldGen       total 97280K, used 95203K [0x00000000a0000000, 0x00000000a5f00000, 0x00000000e0000000)
  object space 97280K, 97% used [0x00000000a0000000,0x00000000a5cf8e00,0x00000000a5f00000)
 Metaspace       used 86198K, capacity 91852K, committed 92160K, reserved 1128448K
  class space    used 11083K, capacity 12489K, committed 12544K, reserved 1048576K
}
Event: 1552.030 GC heap before
{Heap before GC invocations=30 (full 4):
 PSYoungGen      total 325632K, used 26901K [0x00000000e0000000, 0x00000000f6a00000, 0x0000000100000000)
  eden space 280576K, 0% used [0x00000000e0000000,0x00000000e0000000,0x00000000f1200000)
  from space 45056K, 59% used [0x00000000f3e00000,0x00000000f5845610,0x00000000f6a00000)
  to   space 45056K, 0% used [0x00000000f1200000,0x00000000f1200000,0x00000000f3e00000)
 ParOldGen       total 97280K, used 95203K [0x00000000a0000000, 0x00000000a5f00000, 0x00000000e0000000)
  object space 97280K, 97% used [0x00000000a0000000,0x00000000a5cf8e00,0x00000000a5f00000)
 Metaspace       used 86198K, capacity 91852K, committed 92160K, reserved 1128448K
  class space    used 11083K, capacity 12489K, committed 12544K, reserved 1048576K
Event: 1553.060 GC heap after
Heap after GC invocations=30 (full 4):
 PSYoungGen      total 325632K, used 0K [0x00000000e0000000, 0x00000000f6a00000, 0x0000000100000000)
  eden space 280576K, 0% used [0x00000000e0000000,0x00000000e0000000,0x00000000f1200000)
  from space 45056K, 0% used [0x00000000f3e00000,0x00000000f3e00000,0x00000000f6a00000)
  to   space 45056K, 0% used [0x00000000f1200000,0x00000000f1200000,0x00000000f3e00000)
 ParOldGen       total 97280K, used 82398K [0x00000000a0000000, 0x00000000a5f00000, 0x00000000e0000000)
  object space 97280K, 84% used [0x00000000a0000000,0x00000000a5077808,0x00000000a5f00000)
 Metaspace       used 85960K, capacity 91442K, committed 92160K, reserved 1128448K
  class space    used 11038K, capacity 12405K, committed 12544K, reserved 1048576K
}
Event: 1554.487 GC heap before
{Heap before GC invocations=31 (full 4):
 PSYoungGen      total 325632K, used 280576K [0x00000000e0000000, 0x00000000f6a00000, 0x0000000100000000)
  eden space 280576K, 100% used [0x00000000e0000000,0x00000000f1200000,0x00000000f1200000)
  from space 45056K, 0% used [0x00000000f3e00000,0x00000000f3e00000,0x00000000f6a00000)
  to   space 45056K, 0% used [0x00000000f1200000,0x00000000f1200000,0x00000000f3e00000)
 ParOldGen       total 97280K, used 82398K [0x00000000a0000000, 0x00000000a5f00000, 0x00000000e0000000)
  object space 97280K, 84% used [0x00000000a0000000,0x00000000a5077808,0x00000000a5f00000)
 Metaspace       used 86229K, capacity 91680K, committed 92160K, reserved 1128448K
  class space    used 11067K, capacity 12440K, committed 12544K, reserved 1048576K
Event: 1554.628 GC heap after
Heap after GC invocations=31 (full 4):
 PSYoungGen      total 325632K, used 45036K [0x00000000e0000000, 0x00000000f6a00000, 0x0000000100000000)
  eden space 280576K, 0% used [0x00000000e0000000,0x00000000e0000000,0x00000000f1200000)
  from space 45056K, 99% used [0x00000000f1200000,0x00000000f3dfb350,0x00000000f3e00000)
  to   space 45056K, 0% used [0x00000000f3e00000,0x00000000f3e00000,0x00000000f6a00000)
 ParOldGen       total 101888K, used 101863K [0x00000000a0000000, 0x00000000a6380000, 0x00000000e0000000)
  object space 101888K, 99% used [0x00000000a0000000,0x00000000a6379f30,0x00000000a6380000)
 Metaspace       used 86229K, capacity 91680K, committed 92160K, reserved 1128448K
  class space    used 11067K, capacity 12440K, committed 12544K, reserved 1048576K
}
Event: 1554.628 GC heap before
{Heap before GC invocations=32 (full 5):
 PSYoungGen      total 325632K, used 45036K [0x00000000e0000000, 0x00000000f6a00000, 0x0000000100000000)
  eden space 280576K, 0% used [0x00000000e0000000,0x00000000e0000000,0x00000000f1200000)
  from space 45056K, 99% used [0x00000000f1200000,0x00000000f3dfb350,0x00000000f3e00000)
  to   space 45056K, 0% used [0x00000000f3e00000,0x00000000f3e00000,0x00000000f6a00000)
 ParOldGen       total 101888K, used 101863K [0x00000000a0000000, 0x00000000a6380000, 0x00000000e0000000)
  object space 101888K, 99% used [0x00000000a0000000,0x00000000a6379f30,0x00000000a6380000)
 Metaspace       used 86229K, capacity 91680K, committed 92160K, reserved 1128448K
  class space    used 11067K, capacity 12440K, committed 12544K, reserved 1048576K
Event: 1555.658 GC heap after
Heap after GC invocations=32 (full 5):
 PSYoungGen      total 325632K, used 37619K [0x00000000e0000000, 0x00000000f6a00000, 0x0000000100000000)
  eden space 280576K, 0% used [0x00000000e0000000,0x00000000e0000000,0x00000000f1200000)
  from space 45056K, 83% used [0x00000000f1200000,0x00000000f36bccb8,0x00000000f3e00000)
  to   space 45056K, 0% used [0x00000000f3e00000,0x00000000f3e00000,0x00000000f6a00000)
 ParOldGen       total 101888K, used 101782K [0x00000000a0000000, 0x00000000a6380000, 0x00000000e0000000)
  object space 101888K, 99% used [0x00000000a0000000,0x00000000a6365908,0x00000000a6380000)
 Metaspace       used 86180K, capacity 91602K, committed 92160K, reserved 1128448K
  class space    used 11060K, capacity 12427K, committed 12544K, reserved 1048576K
}
Event: 1558.076 GC heap before
{Heap before GC invocations=33 (full 6):
 PSYoungGen      total 325632K, used 318195K [0x00000000e0000000, 0x00000000f6a00000, 0x0000000100000000)
  eden space 280576K, 100% used [0x00000000e0000000,0x00000000f1200000,0x00000000f1200000)
  from space 45056K, 83% used [0x00000000f1200000,0x00000000f36bccb8,0x00000000f3e00000)
  to   space 45056K, 0% used [0x00000000f3e00000,0x00000000f3e00000,0x00000000f6a00000)
 ParOldGen       total 101888K, used 101782K [0x00000000a0000000, 0x00000000a6380000, 0x00000000e0000000)
  object space 101888K, 99% used [0x00000000a0000000,0x00000000a6365908,0x00000000a6380000)
 Metaspace       used 86754K, capacity 92168K, committed 92800K, reserved 1130496K
  class space    used 11113K, capacity 12464K, committed 12672K, reserved 1048576K
Event: 1558.375 GC heap after
Heap after GC invocations=33 (full 6):
 PSYoungGen      total 325632K, used 0K [0x00000000e0000000, 0x00000000f6a00000, 0x0000000100000000)
  eden space 280576K, 0% used [0x00000000e0000000,0x00000000e0000000,0x00000000f1200000)
  from space 45056K, 0% used [0x00000000f1200000,0x00000000f1200000,0x00000000f3e00000)
  to   space 45056K, 0% used [0x00000000f3e00000,0x00000000f3e00000,0x00000000f6a00000)
 ParOldGen       total 101888K, used 76966K [0x00000000a0000000, 0x00000000a6380000, 0x00000000e0000000)
  object space 101888K, 75% used [0x00000000a0000000,0x00000000a4b29b30,0x00000000a6380000)
 Metaspace       used 86754K, capacity 92168K, committed 92800K, reserved 1130496K
  class space    used 11113K, capacity 12464K, committed 12672K, reserved 1048576K
}

