# JRE version: OpenJDK Runtime Environment (8.0_152-b01) (build 1.8.0_152-release-915-b01)
# Java VM: OpenJDK 64-Bit Server VM (25.152-b01 mixed mode windows-amd64 compressed oops)
Heap:
 PSYoungGen      total 418304K, used 229967K [0x00000000e0000000, 0x00000000fd780000, 0x0000000100000000)
  eden space 401408K, 53% used [0x00000000e0000000,0x00000000ed051078,0x00000000f8800000)
  from space 16896K, 98% used [0x00000000fa580000,0x00000000fb5c2c78,0x00000000fb600000)
  to   space 30720K, 0% used [0x00000000fb980000,0x00000000fb980000,0x00000000fd780000)
 ParOldGen       total 144384K, used 98230K [0x00000000a0000000, 0x00000000a8d00000, 0x00000000e0000000)
  object space 144384K, 68% used [0x00000000a0000000,0x00000000a5fed828,0x00000000a8d00000)
 Metaspace       used 89910K, capacity 97104K, committed 97152K, reserved 1132544K
  class space    used 11478K, capacity 13139K, committed 13184K, reserved 1048576K
GC Heap History (10 events):
Event: 988.238 GC heap before
{Heap before GC invocations=27 (full 4):
 PSYoungGen      total 491008K, used 478430K [0x00000000e0000000, 0x0000000100000000, 0x0000000100000000)
  eden space 458752K, 100% used [0x00000000e0000000,0x00000000fc000000,0x00000000fc000000)
  from space 32256K, 61% used [0x00000000fe080000,0x00000000ff3b7a80,0x0000000100000000)
  to   space 32768K, 0% used [0x00000000fc000000,0x00000000fc000000,0x00000000fe000000)
 ParOldGen       total 144384K, used 98190K [0x00000000a0000000, 0x00000000a8d00000, 0x00000000e0000000)
  object space 144384K, 68% used [0x00000000a0000000,0x00000000a5fe3828,0x00000000a8d00000)
 Metaspace       used 87154K, capacity 92472K, committed 92672K, reserved 1130496K
  class space    used 11169K, capacity 12484K, committed 12544K, reserved 1048576K
Event: 988.310 GC heap after
Heap after GC invocations=27 (full 4):
 PSYoungGen      total 491520K, used 7086K [0x00000000e0000000, 0x00000000fff80000, 0x0000000100000000)
  eden space 458752K, 0% used [0x00000000e0000000,0x00000000e0000000,0x00000000fc000000)
  from space 32768K, 21% used [0x00000000fc000000,0x00000000fc6ebb78,0x00000000fe000000)
  to   space 32256K, 0% used [0x00000000fe000000,0x00000000fe000000,0x00000000fff80000)
 ParOldGen       total 144384K, used 98198K [0x00000000a0000000, 0x00000000a8d00000, 0x00000000e0000000)
  object space 144384K, 68% used [0x00000000a0000000,0x00000000a5fe5828,0x00000000a8d00000)
 Metaspace       used 87154K, capacity 92472K, committed 92672K, reserved 1130496K
  class space    used 11169K, capacity 12484K, committed 12544K, reserved 1048576K
}
Event: 1805.974 GC heap before
{Heap before GC invocations=28 (full 4):
 PSYoungGen      total 491520K, used 465838K [0x00000000e0000000, 0x00000000fff80000, 0x0000000100000000)
  eden space 458752K, 100% used [0x00000000e0000000,0x00000000fc000000,0x00000000fc000000)
  from space 32768K, 21% used [0x00000000fc000000,0x00000000fc6ebb78,0x00000000fe000000)
  to   space 32256K, 0% used [0x00000000fe000000,0x00000000fe000000,0x00000000fff80000)
 ParOldGen       total 144384K, used 98198K [0x00000000a0000000, 0x00000000a8d00000, 0x00000000e0000000)
  object space 144384K, 68% used [0x00000000a0000000,0x00000000a5fe5828,0x00000000a8d00000)
 Metaspace       used 87930K, capacity 94042K, committed 94208K, reserved 1130496K
  class space    used 11281K, capacity 12711K, committed 12800K, reserved 1048576K
Event: 1806.002 GC heap after
Heap after GC invocations=28 (full 4):
 PSYoungGen      total 488448K, used 11160K [0x00000000e0000000, 0x00000000ffc80000, 0x0000000100000000)
  eden space 459264K, 0% used [0x00000000e0000000,0x00000000e0000000,0x00000000fc080000)
  from space 29184K, 38% used [0x00000000fe000000,0x00000000feae6370,0x00000000ffc80000)
  to   space 30720K, 0% used [0x00000000fc080000,0x00000000fc080000,0x00000000fde80000)
 ParOldGen       total 144384K, used 98206K [0x00000000a0000000, 0x00000000a8d00000, 0x00000000e0000000)
  object space 144384K, 68% used [0x00000000a0000000,0x00000000a5fe7828,0x00000000a8d00000)
 Metaspace       used 87930K, capacity 94042K, committed 94208K, reserved 1130496K
  class space    used 11281K, capacity 12711K, committed 12800K, reserved 1048576K
}
Event: 3864.960 GC heap before
{Heap before GC invocations=29 (full 4):
 PSYoungGen      total 488448K, used 470424K [0x00000000e0000000, 0x00000000ffc80000, 0x0000000100000000)
  eden space 459264K, 100% used [0x00000000e0000000,0x00000000fc080000,0x00000000fc080000)
  from space 29184K, 38% used [0x00000000fe000000,0x00000000feae6370,0x00000000ffc80000)
  to   space 30720K, 0% used [0x00000000fc080000,0x00000000fc080000,0x00000000fde80000)
 ParOldGen       total 144384K, used 98206K [0x00000000a0000000, 0x00000000a8d00000, 0x00000000e0000000)
  object space 144384K, 68% used [0x00000000a0000000,0x00000000a5fe7828,0x00000000a8d00000)
 Metaspace       used 88774K, capacity 95324K, committed 95616K, reserved 1132544K
  class space    used 11350K, capacity 12889K, committed 12928K, reserved 1048576K
Event: 3865.034 GC heap after
Heap after GC invocations=29 (full 4):
 PSYoungGen      total 462336K, used 22942K [0x00000000e0000000, 0x00000000fed00000, 0x0000000100000000)
  eden space 439296K, 0% used [0x00000000e0000000,0x00000000e0000000,0x00000000fad00000)
  from space 23040K, 99% used [0x00000000fc080000,0x00000000fd6e7950,0x00000000fd700000)
  to   space 22528K, 0% used [0x00000000fd700000,0x00000000fd700000,0x00000000fed00000)
 ParOldGen       total 144384K, used 98214K [0x00000000a0000000, 0x00000000a8d00000, 0x00000000e0000000)
  object space 144384K, 68% used [0x00000000a0000000,0x00000000a5fe9828,0x00000000a8d00000)
 Metaspace       used 88774K, capacity 95324K, committed 95616K, reserved 1132544K
  class space    used 11350K, capacity 12889K, committed 12928K, reserved 1048576K
}
Event: 3928.051 GC heap before
{Heap before GC invocations=30 (full 4):
 PSYoungGen      total 462336K, used 462238K [0x00000000e0000000, 0x00000000fed00000, 0x0000000100000000)
  eden space 439296K, 100% used [0x00000000e0000000,0x00000000fad00000,0x00000000fad00000)
  from space 23040K, 99% used [0x00000000fc080000,0x00000000fd6e7950,0x00000000fd700000)
  to   space 22528K, 0% used [0x00000000fd700000,0x00000000fd700000,0x00000000fed00000)
 ParOldGen       total 144384K, used 98214K [0x00000000a0000000, 0x00000000a8d00000, 0x00000000e0000000)
  object space 144384K, 68% used [0x00000000a0000000,0x00000000a5fe9828,0x00000000a8d00000)
 Metaspace       used 89068K, capacity 95646K, committed 96000K, reserved 1132544K
  class space    used 11366K, capacity 12930K, committed 13056K, reserved 1048576K
Event: 3928.073 GC heap after
Heap after GC invocations=30 (full 4):
 PSYoungGen      total 431616K, used 11342K [0x00000000e0000000, 0x00000000fe280000, 0x0000000100000000)
  eden space 419840K, 0% used [0x00000000e0000000,0x00000000e0000000,0x00000000f9a00000)
  from space 11776K, 96% used [0x00000000fd700000,0x00000000fe213a70,0x00000000fe280000)
  to   space 31232K, 0% used [0x00000000fa580000,0x00000000fa580000,0x00000000fc400000)
 ParOldGen       total 144384K, used 98222K [0x00000000a0000000, 0x00000000a8d00000, 0x00000000e0000000)
  object space 144384K, 68% used [0x00000000a0000000,0x00000000a5feb828,0x00000000a8d00000)
 Metaspace       used 89068K, capacity 95646K, committed 96000K, reserved 1132544K
  class space    used 11366K, capacity 12930K, committed 13056K, reserved 1048576K
}
Event: 3933.704 GC heap before
{Heap before GC invocations=31 (full 4):
 PSYoungGen      total 431616K, used 430959K [0x00000000e0000000, 0x00000000fe280000, 0x0000000100000000)
  eden space 419840K, 99% used [0x00000000e0000000,0x00000000f99c81c0,0x00000000f9a00000)
  from space 11776K, 96% used [0x00000000fd700000,0x00000000fe213a70,0x00000000fe280000)
  to   space 31232K, 0% used [0x00000000fa580000,0x00000000fa580000,0x00000000fc400000)
 ParOldGen       total 144384K, used 98222K [0x00000000a0000000, 0x00000000a8d00000, 0x00000000e0000000)
  object space 144384K, 68% used [0x00000000a0000000,0x00000000a5feb828,0x00000000a8d00000)
 Metaspace       used 89355K, capacity 95980K, committed 96256K, reserved 1132544K
  class space    used 11383K, capacity 12943K, committed 13056K, reserved 1048576K
Event: 3933.732 GC heap after
Heap after GC invocations=31 (full 4):
 PSYoungGen      total 418304K, used 16651K [0x00000000e0000000, 0x00000000fd780000, 0x0000000100000000)
  eden space 401408K, 0% used [0x00000000e0000000,0x00000000e0000000,0x00000000f8800000)
  from space 16896K, 98% used [0x00000000fa580000,0x00000000fb5c2c78,0x00000000fb600000)
  to   space 30720K, 0% used [0x00000000fb980000,0x00000000fb980000,0x00000000fd780000)
 ParOldGen       total 144384K, used 98230K [0x00000000a0000000, 0x00000000a8d00000, 0x00000000e0000000)
  object space 144384K, 68% used [0x00000000a0000000,0x00000000a5fed828,0x00000000a8d00000)
 Metaspace       used 89355K, capacity 95980K, committed 96256K, reserved 1132544K
  class space    used 11383K, capacity 12943K, committed 13056K, reserved 1048576K
}

