# JRE version: OpenJDK Runtime Environment (8.0_152-b01) (build 1.8.0_152-release-915-b01)
# Java VM: OpenJDK 64-Bit Server VM (25.152-b01 mixed mode windows-amd64 compressed oops)
Heap:
 PSYoungGen      total 297472K, used 53308K [0x00000000e0000000, 0x00000000fb180000, 0x0000000100000000)
  eden space 226304K, 22% used [0x00000000e0000000,0x00000000e3191458,0x00000000edd00000)
  from space 71168K, 3% used [0x00000000edd00000,0x00000000edf7ddd0,0x00000000f2280000)
  to   space 90112K, 0% used [0x00000000f5980000,0x00000000f5980000,0x00000000fb180000)
 ParOldGen       total 120832K, used 120383K [0x00000000a0000000, 0x00000000a7600000, 0x00000000e0000000)
  object space 120832K, 99% used [0x00000000a0000000,0x00000000a758fd28,0x00000000a7600000)
 Metaspace       used 81126K, capacity 84428K, committed 87572K, reserved 1124352K
  class space    used 10272K, capacity 11141K, committed 11836K, reserved 1048576K
GC Heap History (10 events):
Event: 2242.399 GC heap before
{Heap before GC invocations=25 (full 3):
 PSYoungGen      total 239616K, used 234240K [0x00000000e0000000, 0x00000000f3100000, 0x0000000100000000)
  eden space 197632K, 100% used [0x00000000e0000000,0x00000000ec100000,0x00000000ec100000)
  from space 41984K, 87% used [0x00000000ec100000,0x00000000ee4c0270,0x00000000eea00000)
  to   space 46592K, 0% used [0x00000000f0380000,0x00000000f0380000,0x00000000f3100000)
 ParOldGen       total 120832K, used 62168K [0x00000000a0000000, 0x00000000a7600000, 0x00000000e0000000)
  object space 120832K, 51% used [0x00000000a0000000,0x00000000a3cb61a0,0x00000000a7600000)
 Metaspace       used 82142K, capacity 86440K, committed 86676K, reserved 1124352K
  class space    used 10553K, capacity 11644K, committed 11708K, reserved 1048576K
Event: 2242.487 GC heap after
Heap after GC invocations=25 (full 3):
 PSYoungGen      total 258560K, used 45906K [0x00000000e0000000, 0x00000000f4200000, 0x0000000100000000)
  eden space 211968K, 0% used [0x00000000e0000000,0x00000000e0000000,0x00000000ecf00000)
  from space 46592K, 98% used [0x00000000f0380000,0x00000000f3054928,0x00000000f3100000)
  to   space 53760K, 0% used [0x00000000ecf00000,0x00000000ecf00000,0x00000000f0380000)
 ParOldGen       total 120832K, used 62176K [0x00000000a0000000, 0x00000000a7600000, 0x00000000e0000000)
  object space 120832K, 51% used [0x00000000a0000000,0x00000000a3cb81a0,0x00000000a7600000)
 Metaspace       used 82142K, capacity 86440K, committed 86676K, reserved 1124352K
  class space    used 10553K, capacity 11644K, committed 11708K, reserved 1048576K
}
Event: 2244.500 GC heap before
{Heap before GC invocations=26 (full 3):
 PSYoungGen      total 258560K, used 257874K [0x00000000e0000000, 0x00000000f4200000, 0x0000000100000000)
  eden space 211968K, 100% used [0x00000000e0000000,0x00000000ecf00000,0x00000000ecf00000)
  from space 46592K, 98% used [0x00000000f0380000,0x00000000f3054928,0x00000000f3100000)
  to   space 53760K, 0% used [0x00000000ecf00000,0x00000000ecf00000,0x00000000f0380000)
 ParOldGen       total 120832K, used 62176K [0x00000000a0000000, 0x00000000a7600000, 0x00000000e0000000)
  object space 120832K, 51% used [0x00000000a0000000,0x00000000a3cb81a0,0x00000000a7600000)
 Metaspace       used 82187K, capacity 86504K, committed 86676K, reserved 1124352K
  class space    used 10553K, capacity 11644K, committed 11708K, reserved 1048576K
Event: 2244.579 GC heap after
Heap after GC invocations=26 (full 3):
 PSYoungGen      total 265728K, used 33385K [0x00000000e0000000, 0x00000000f5800000, 0x0000000100000000)
  eden space 211968K, 0% used [0x00000000e0000000,0x00000000e0000000,0x00000000ecf00000)
  from space 53760K, 62% used [0x00000000ecf00000,0x00000000eef9a5e8,0x00000000f0380000)
  to   space 54784K, 0% used [0x00000000f2280000,0x00000000f2280000,0x00000000f5800000)
 ParOldGen       total 120832K, used 62184K [0x00000000a0000000, 0x00000000a7600000, 0x00000000e0000000)
  object space 120832K, 51% used [0x00000000a0000000,0x00000000a3cba1a0,0x00000000a7600000)
 Metaspace       used 82187K, capacity 86504K, committed 86676K, reserved 1124352K
  class space    used 10553K, capacity 11644K, committed 11708K, reserved 1048576K
}
Event: 2246.095 GC heap before
{Heap before GC invocations=27 (full 3):
 PSYoungGen      total 265728K, used 245353K [0x00000000e0000000, 0x00000000f5800000, 0x0000000100000000)
  eden space 211968K, 100% used [0x00000000e0000000,0x00000000ecf00000,0x00000000ecf00000)
  from space 53760K, 62% used [0x00000000ecf00000,0x00000000eef9a5e8,0x00000000f0380000)
  to   space 54784K, 0% used [0x00000000f2280000,0x00000000f2280000,0x00000000f5800000)
 ParOldGen       total 120832K, used 62184K [0x00000000a0000000, 0x00000000a7600000, 0x00000000e0000000)
  object space 120832K, 51% used [0x00000000a0000000,0x00000000a3cba1a0,0x00000000a7600000)
 Metaspace       used 82430K, capacity 86708K, committed 86932K, reserved 1124352K
  class space    used 10580K, capacity 11646K, committed 11708K, reserved 1048576K
Event: 2246.236 GC heap after
Heap after GC invocations=27 (full 3):
 PSYoungGen      total 281088K, used 54780K [0x00000000e0000000, 0x00000000f8280000, 0x0000000100000000)
  eden space 226304K, 0% used [0x00000000e0000000,0x00000000e0000000,0x00000000edd00000)
  from space 54784K, 99% used [0x00000000f2280000,0x00000000f57ff3b8,0x00000000f5800000)
  to   space 71168K, 0% used [0x00000000edd00000,0x00000000edd00000,0x00000000f2280000)
 ParOldGen       total 120832K, used 84105K [0x00000000a0000000, 0x00000000a7600000, 0x00000000e0000000)
  object space 120832K, 69% used [0x00000000a0000000,0x00000000a52227d0,0x00000000a7600000)
 Metaspace       used 82430K, capacity 86708K, committed 86932K, reserved 1124352K
  class space    used 10580K, capacity 11646K, committed 11708K, reserved 1048576K
}
Event: 2247.664 GC heap before
{Heap before GC invocations=28 (full 3):
 PSYoungGen      total 281088K, used 281084K [0x00000000e0000000, 0x00000000f8280000, 0x0000000100000000)
  eden space 226304K, 100% used [0x00000000e0000000,0x00000000edd00000,0x00000000edd00000)
  from space 54784K, 99% used [0x00000000f2280000,0x00000000f57ff3b8,0x00000000f5800000)
  to   space 71168K, 0% used [0x00000000edd00000,0x00000000edd00000,0x00000000f2280000)
 ParOldGen       total 120832K, used 84105K [0x00000000a0000000, 0x00000000a7600000, 0x00000000e0000000)
  object space 120832K, 69% used [0x00000000a0000000,0x00000000a52227d0,0x00000000a7600000)
 Metaspace       used 83031K, capacity 87286K, committed 87572K, reserved 1124352K
  class space    used 10642K, capacity 11711K, committed 11836K, reserved 1048576K
Event: 2247.785 GC heap after
Heap after GC invocations=28 (full 3):
 PSYoungGen      total 297472K, used 71163K [0x00000000e0000000, 0x00000000fb180000, 0x0000000100000000)
  eden space 226304K, 0% used [0x00000000e0000000,0x00000000e0000000,0x00000000edd00000)
  from space 71168K, 99% used [0x00000000edd00000,0x00000000f227ede8,0x00000000f2280000)
  to   space 90112K, 0% used [0x00000000f5980000,0x00000000f5980000,0x00000000fb180000)
 ParOldGen       total 120832K, used 103571K [0x00000000a0000000, 0x00000000a7600000, 0x00000000e0000000)
  object space 120832K, 85% used [0x00000000a0000000,0x00000000a6524e40,0x00000000a7600000)
 Metaspace       used 83031K, capacity 87286K, committed 87572K, reserved 1124352K
  class space    used 10642K, capacity 11711K, committed 11836K, reserved 1048576K
}
Event: 2247.851 GC heap before
{Heap before GC invocations=29 (full 4):
 PSYoungGen      total 297472K, used 71163K [0x00000000e0000000, 0x00000000fb180000, 0x0000000100000000)
  eden space 226304K, 0% used [0x00000000e0000000,0x00000000e0000000,0x00000000edd00000)
  from space 71168K, 99% used [0x00000000edd00000,0x00000000f227ede8,0x00000000f2280000)
  to   space 90112K, 0% used [0x00000000f5980000,0x00000000f5980000,0x00000000fb180000)
 ParOldGen       total 120832K, used 103571K [0x00000000a0000000, 0x00000000a7600000, 0x00000000e0000000)
  object space 120832K, 85% used [0x00000000a0000000,0x00000000a6524e40,0x00000000a7600000)
 Metaspace       used 83031K, capacity 87286K, committed 87572K, reserved 1124352K
  class space    used 10642K, capacity 11711K, committed 11836K, reserved 1048576K
Event: 2248.713 GC heap after
Heap after GC invocations=29 (full 4):
 PSYoungGen      total 297472K, used 2551K [0x00000000e0000000, 0x00000000fb180000, 0x0000000100000000)
  eden space 226304K, 0% used [0x00000000e0000000,0x00000000e0000000,0x00000000edd00000)
  from space 71168K, 3% used [0x00000000edd00000,0x00000000edf7ddd0,0x00000000f2280000)
  to   space 90112K, 0% used [0x00000000f5980000,0x00000000f5980000,0x00000000fb180000)
 ParOldGen       total 120832K, used 120383K [0x00000000a0000000, 0x00000000a7600000, 0x00000000e0000000)
  object space 120832K, 99% used [0x00000000a0000000,0x00000000a758fd28,0x00000000a7600000)
 Metaspace       used 81126K, capacity 84428K, committed 87572K, reserved 1124352K
  class space    used 10272K, capacity 11141K, committed 11836K, reserved 1048576K
}

