# JRE version: OpenJDK Runtime Environment (8.0_152-b01) (build 1.8.0_152-release-915-b01)
# Java VM: OpenJDK 64-Bit Server VM (25.152-b01 mixed mode windows-amd64 compressed oops)
Heap:
 PSYoungGen      total 324608K, used 71028K [0x00000000e0000000, 0x00000000fba80000, 0x0000000100000000)
  eden space 240640K, 26% used [0x00000000e0000000,0x00000000e3e8d590,0x00000000eeb00000)
  from space 83968K, 8% used [0x00000000f3e00000,0x00000000f44cfc18,0x00000000f9000000)
  to   space 84992K, 0% used [0x00000000eeb00000,0x00000000eeb00000,0x00000000f3e00000)
 ParOldGen       total 224256K, used 109114K [0x00000000a0000000, 0x00000000adb00000, 0x00000000e0000000)
  object space 224256K, 48% used [0x00000000a0000000,0x00000000a6a8e850,0x00000000adb00000)
 Metaspace       used 80098K, capacity 83304K, committed 83544K, reserved 1122304K
  class space    used 10062K, capacity 10815K, committed 10880K, reserved 1048576K
GC Heap History (10 events):
Event: 87.179 GC heap before
{Heap before GC invocations=24 (full 3):
 PSYoungGen      total 243712K, used 243681K [0x00000000e0000000, 0x00000000f3280000, 0x0000000100000000)
  eden space 202240K, 100% used [0x00000000e0000000,0x00000000ec580000,0x00000000ec580000)
  from space 41472K, 99% used [0x00000000ef700000,0x00000000f1f78528,0x00000000f1f80000)
  to   space 50688K, 0% used [0x00000000ec580000,0x00000000ec580000,0x00000000ef700000)
 ParOldGen       total 109056K, used 68025K [0x00000000a0000000, 0x00000000a6a80000, 0x00000000e0000000)
  object space 109056K, 62% used [0x00000000a0000000,0x00000000a426e400,0x00000000a6a80000)
 Metaspace       used 78043K, capacity 80990K, committed 81240K, reserved 1120256K
  class space    used 9801K, capacity 10552K, committed 10624K, reserved 1048576K
Event: 87.274 GC heap after
Heap after GC invocations=24 (full 3):
 PSYoungGen      total 252928K, used 50669K [0x00000000e0000000, 0x00000000f9300000, 0x0000000100000000)
  eden space 202240K, 0% used [0x00000000e0000000,0x00000000e0000000,0x00000000ec580000)
  from space 50688K, 99% used [0x00000000ec580000,0x00000000ef6fb650,0x00000000ef700000)
  to   space 87040K, 0% used [0x00000000f3e00000,0x00000000f3e00000,0x00000000f9300000)
 ParOldGen       total 143872K, used 143635K [0x00000000a0000000, 0x00000000a8c80000, 0x00000000e0000000)
  object space 143872K, 99% used [0x00000000a0000000,0x00000000a8c44f50,0x00000000a8c80000)
 Metaspace       used 78043K, capacity 80990K, committed 81240K, reserved 1120256K
  class space    used 9801K, capacity 10552K, committed 10624K, reserved 1048576K
}
Event: 87.274 GC heap before
{Heap before GC invocations=25 (full 4):
 PSYoungGen      total 252928K, used 50669K [0x00000000e0000000, 0x00000000f9300000, 0x0000000100000000)
  eden space 202240K, 0% used [0x00000000e0000000,0x00000000e0000000,0x00000000ec580000)
  from space 50688K, 99% used [0x00000000ec580000,0x00000000ef6fb650,0x00000000ef700000)
  to   space 87040K, 0% used [0x00000000f3e00000,0x00000000f3e00000,0x00000000f9300000)
 ParOldGen       total 143872K, used 143635K [0x00000000a0000000, 0x00000000a8c80000, 0x00000000e0000000)
  object space 143872K, 99% used [0x00000000a0000000,0x00000000a8c44f50,0x00000000a8c80000)
 Metaspace       used 78043K, capacity 80990K, committed 81240K, reserved 1120256K
  class space    used 9801K, capacity 10552K, committed 10624K, reserved 1048576K
Event: 87.707 GC heap after
Heap after GC invocations=25 (full 4):
 PSYoungGen      total 252928K, used 0K [0x00000000e0000000, 0x00000000f9300000, 0x0000000100000000)
  eden space 202240K, 0% used [0x00000000e0000000,0x00000000e0000000,0x00000000ec580000)
  from space 50688K, 0% used [0x00000000ec580000,0x00000000ec580000,0x00000000ef700000)
  to   space 87040K, 0% used [0x00000000f3e00000,0x00000000f3e00000,0x00000000f9300000)
 ParOldGen       total 224256K, used 109090K [0x00000000a0000000, 0x00000000adb00000, 0x00000000e0000000)
  object space 224256K, 48% used [0x00000000a0000000,0x00000000a6a88850,0x00000000adb00000)
 Metaspace       used 77994K, capacity 80846K, committed 81240K, reserved 1120256K
  class space    used 9784K, capacity 10522K, committed 10624K, reserved 1048576K
}
Event: 89.063 GC heap before
{Heap before GC invocations=26 (full 4):
 PSYoungGen      total 252928K, used 202240K [0x00000000e0000000, 0x00000000f9300000, 0x0000000100000000)
  eden space 202240K, 100% used [0x00000000e0000000,0x00000000ec580000,0x00000000ec580000)
  from space 50688K, 0% used [0x00000000ec580000,0x00000000ec580000,0x00000000ef700000)
  to   space 87040K, 0% used [0x00000000f3e00000,0x00000000f3e00000,0x00000000f9300000)
 ParOldGen       total 224256K, used 109090K [0x00000000a0000000, 0x00000000adb00000, 0x00000000e0000000)
  object space 224256K, 48% used [0x00000000a0000000,0x00000000a6a88850,0x00000000adb00000)
 Metaspace       used 78496K, capacity 81326K, committed 81752K, reserved 1120256K
  class space    used 9835K, capacity 10554K, committed 10624K, reserved 1048576K
Event: 89.086 GC heap after
Heap after GC invocations=26 (full 4):
 PSYoungGen      total 324608K, used 12752K [0x00000000e0000000, 0x00000000f9000000, 0x0000000100000000)
  eden space 240640K, 0% used [0x00000000e0000000,0x00000000e0000000,0x00000000eeb00000)
  from space 83968K, 15% used [0x00000000f3e00000,0x00000000f4a74148,0x00000000f9000000)
  to   space 84480K, 0% used [0x00000000eeb00000,0x00000000eeb00000,0x00000000f3d80000)
 ParOldGen       total 224256K, used 109098K [0x00000000a0000000, 0x00000000adb00000, 0x00000000e0000000)
  object space 224256K, 48% used [0x00000000a0000000,0x00000000a6a8a850,0x00000000adb00000)
 Metaspace       used 78496K, capacity 81326K, committed 81752K, reserved 1120256K
  class space    used 9835K, capacity 10554K, committed 10624K, reserved 1048576K
}
Event: 90.290 GC heap before
{Heap before GC invocations=27 (full 4):
 PSYoungGen      total 324608K, used 253392K [0x00000000e0000000, 0x00000000f9000000, 0x0000000100000000)
  eden space 240640K, 100% used [0x00000000e0000000,0x00000000eeb00000,0x00000000eeb00000)
  from space 83968K, 15% used [0x00000000f3e00000,0x00000000f4a74148,0x00000000f9000000)
  to   space 84480K, 0% used [0x00000000eeb00000,0x00000000eeb00000,0x00000000f3d80000)
 ParOldGen       total 224256K, used 109098K [0x00000000a0000000, 0x00000000adb00000, 0x00000000e0000000)
  object space 224256K, 48% used [0x00000000a0000000,0x00000000a6a8a850,0x00000000adb00000)
 Metaspace       used 78578K, capacity 81454K, committed 81752K, reserved 1120256K
  class space    used 9841K, capacity 10594K, committed 10624K, reserved 1048576K
Event: 90.314 GC heap after
Heap after GC invocations=27 (full 4):
 PSYoungGen      total 325120K, used 49537K [0x00000000e0000000, 0x00000000f9000000, 0x0000000100000000)
  eden space 240640K, 0% used [0x00000000e0000000,0x00000000e0000000,0x00000000eeb00000)
  from space 84480K, 58% used [0x00000000eeb00000,0x00000000f1b606a0,0x00000000f3d80000)
  to   space 83968K, 0% used [0x00000000f3e00000,0x00000000f3e00000,0x00000000f9000000)
 ParOldGen       total 224256K, used 109106K [0x00000000a0000000, 0x00000000adb00000, 0x00000000e0000000)
  object space 224256K, 48% used [0x00000000a0000000,0x00000000a6a8c850,0x00000000adb00000)
 Metaspace       used 78578K, capacity 81454K, committed 81752K, reserved 1120256K
  class space    used 9841K, capacity 10594K, committed 10624K, reserved 1048576K
}
Event: 95.681 GC heap before
{Heap before GC invocations=28 (full 4):
 PSYoungGen      total 325120K, used 290177K [0x00000000e0000000, 0x00000000f9000000, 0x0000000100000000)
  eden space 240640K, 100% used [0x00000000e0000000,0x00000000eeb00000,0x00000000eeb00000)
  from space 84480K, 58% used [0x00000000eeb00000,0x00000000f1b606a0,0x00000000f3d80000)
  to   space 83968K, 0% used [0x00000000f3e00000,0x00000000f3e00000,0x00000000f9000000)
 ParOldGen       total 224256K, used 109106K [0x00000000a0000000, 0x00000000adb00000, 0x00000000e0000000)
  object space 224256K, 48% used [0x00000000a0000000,0x00000000a6a8c850,0x00000000adb00000)
 Metaspace       used 79584K, capacity 82780K, committed 82904K, reserved 1122304K
  class space    used 9982K, capacity 10747K, committed 10752K, reserved 1048576K
Event: 95.695 GC heap after
Heap after GC invocations=28 (full 4):
 PSYoungGen      total 324608K, used 6975K [0x00000000e0000000, 0x00000000fba80000, 0x0000000100000000)
  eden space 240640K, 0% used [0x00000000e0000000,0x00000000e0000000,0x00000000eeb00000)
  from space 83968K, 8% used [0x00000000f3e00000,0x00000000f44cfc18,0x00000000f9000000)
  to   space 84992K, 0% used [0x00000000eeb00000,0x00000000eeb00000,0x00000000f3e00000)
 ParOldGen       total 224256K, used 109114K [0x00000000a0000000, 0x00000000adb00000, 0x00000000e0000000)
  object space 224256K, 48% used [0x00000000a0000000,0x00000000a6a8e850,0x00000000adb00000)
 Metaspace       used 79584K, capacity 82780K, committed 82904K, reserved 1122304K
  class space    used 9982K, capacity 10747K, committed 10752K, reserved 1048576K
}

