# JRE version: OpenJDK Runtime Environment (8.0_152-b01) (build 1.8.0_152-release-915-b01)
# Java VM: OpenJDK 64-Bit Server VM (25.152-b01 mixed mode windows-amd64 compressed oops)
Heap:
 PSYoungGen      total 430592K, used 372515K [0x00000000e0000000, 0x00000000ff300000, 0x0000000100000000)
  eden space 350208K, 99% used [0x00000000e0000000,0x00000000f5412118,0x00000000f5600000)
  from space 80384K, 30% used [0x00000000f5600000,0x00000000f6db6ee0,0x00000000fa480000)
  to   space 74752K, 0% used [0x00000000faa00000,0x00000000faa00000,0x00000000ff300000)
 ParOldGen       total 244224K, used 128255K [0x00000000a0000000, 0x00000000aee80000, 0x00000000e0000000)
  object space 244224K, 52% used [0x00000000a0000000,0x00000000a7d3fe38,0x00000000aee80000)
 Metaspace       used 99205K, capacity 108822K, committed 111872K, reserved 1146880K
  class space    used 12269K, capacity 14584K, committed 15360K, reserved 1048576K
GC Heap History (10 events):
Event: 5024.393 GC heap before
{Heap before GC invocations=73 (full 6):
 PSYoungGen      total 408576K, used 341302K [0x00000000e0000000, 0x0000000100000000, 0x0000000100000000)
  eden space 345088K, 98% used [0x00000000e0000000,0x00000000f4d4d878,0x00000000f5100000)
  from space 63488K, 0% used [0x00000000fc200000,0x00000000fc200000,0x0000000100000000)
  to   space 89600K, 0% used [0x00000000f5100000,0x00000000f5100000,0x00000000fa880000)
 ParOldGen       total 244224K, used 128247K [0x00000000a0000000, 0x00000000aee80000, 0x00000000e0000000)
  object space 244224K, 52% used [0x00000000a0000000,0x00000000a7d3de38,0x00000000aee80000)
 Metaspace       used 98813K, capacity 108138K, committed 111872K, reserved 1146880K
  class space    used 12213K, capacity 14450K, committed 15360K, reserved 1048576K
Event: 5024.415 GC heap after
Heap after GC invocations=73 (full 6):
 PSYoungGen      total 392704K, used 47348K [0x00000000e0000000, 0x0000000100000000, 0x0000000100000000)
  eden space 345088K, 0% used [0x00000000e0000000,0x00000000e0000000,0x00000000f5100000)
  from space 47616K, 99% used [0x00000000f5100000,0x00000000f7f3d320,0x00000000f7f80000)
  to   space 91136K, 0% used [0x00000000fa700000,0x00000000fa700000,0x0000000100000000)
 ParOldGen       total 244224K, used 128247K [0x00000000a0000000, 0x00000000aee80000, 0x00000000e0000000)
  object space 244224K, 52% used [0x00000000a0000000,0x00000000a7d3de38,0x00000000aee80000)
 Metaspace       used 98813K, capacity 108138K, committed 111872K, reserved 1146880K
  class space    used 12213K, capacity 14450K, committed 15360K, reserved 1048576K
}
Event: 5032.535 GC heap before
{Heap before GC invocations=74 (full 6):
 PSYoungGen      total 392704K, used 390857K [0x00000000e0000000, 0x0000000100000000, 0x0000000100000000)
  eden space 345088K, 99% used [0x00000000e0000000,0x00000000f4f75230,0x00000000f5100000)
  from space 47616K, 99% used [0x00000000f5100000,0x00000000f7f3d320,0x00000000f7f80000)
  to   space 91136K, 0% used [0x00000000fa700000,0x00000000fa700000,0x0000000100000000)
 ParOldGen       total 244224K, used 128247K [0x00000000a0000000, 0x00000000aee80000, 0x00000000e0000000)
  object space 244224K, 52% used [0x00000000a0000000,0x00000000a7d3de38,0x00000000aee80000)
 Metaspace       used 98851K, capacity 108168K, committed 111872K, reserved 1146880K
  class space    used 12216K, capacity 14455K, committed 15360K, reserved 1048576K
Event: 5032.581 GC heap after
Heap after GC invocations=74 (full 6):
 PSYoungGen      total 439296K, used 26850K [0x00000000e0000000, 0x0000000100000000, 0x0000000100000000)
  eden space 348160K, 0% used [0x00000000e0000000,0x00000000e0000000,0x00000000f5400000)
  from space 91136K, 29% used [0x00000000fa700000,0x00000000fc1389e8,0x0000000100000000)
  to   space 84992K, 0% used [0x00000000f5400000,0x00000000f5400000,0x00000000fa700000)
 ParOldGen       total 244224K, used 128255K [0x00000000a0000000, 0x00000000aee80000, 0x00000000e0000000)
  object space 244224K, 52% used [0x00000000a0000000,0x00000000a7d3fe38,0x00000000aee80000)
 Metaspace       used 98851K, capacity 108168K, committed 111872K, reserved 1146880K
  class space    used 12216K, capacity 14455K, committed 15360K, reserved 1048576K
}
Event: 5033.016 GC heap before
{Heap before GC invocations=75 (full 6):
 PSYoungGen      total 439296K, used 374021K [0x00000000e0000000, 0x0000000100000000, 0x0000000100000000)
  eden space 348160K, 99% used [0x00000000e0000000,0x00000000f5308db8,0x00000000f5400000)
  from space 91136K, 29% used [0x00000000fa700000,0x00000000fc1389e8,0x0000000100000000)
  to   space 84992K, 0% used [0x00000000f5400000,0x00000000f5400000,0x00000000fa700000)
 ParOldGen       total 244224K, used 128255K [0x00000000a0000000, 0x00000000aee80000, 0x00000000e0000000)
  object space 244224K, 52% used [0x00000000a0000000,0x00000000a7d3fe38,0x00000000aee80000)
 Metaspace       used 98853K, capacity 108168K, committed 111872K, reserved 1146880K
  class space    used 12216K, capacity 14455K, committed 15360K, reserved 1048576K
Event: 5033.031 GC heap after
Heap after GC invocations=75 (full 6):
 PSYoungGen      total 361472K, used 13181K [0x00000000e0000000, 0x00000000ff500000, 0x0000000100000000)
  eden space 348160K, 0% used [0x00000000e0000000,0x00000000e0000000,0x00000000f5400000)
  from space 13312K, 99% used [0x00000000f5400000,0x00000000f60df760,0x00000000f6100000)
  to   space 82432K, 0% used [0x00000000fa480000,0x00000000fa480000,0x00000000ff500000)
 ParOldGen       total 244224K, used 128255K [0x00000000a0000000, 0x00000000aee80000, 0x00000000e0000000)
  object space 244224K, 52% used [0x00000000a0000000,0x00000000a7d3fe38,0x00000000aee80000)
 Metaspace       used 98853K, capacity 108168K, committed 111872K, reserved 1146880K
  class space    used 12216K, capacity 14455K, committed 15360K, reserved 1048576K
}
Event: 5033.094 GC heap before
{Heap before GC invocations=76 (full 6):
 PSYoungGen      total 361472K, used 361167K [0x00000000e0000000, 0x00000000ff500000, 0x0000000100000000)
  eden space 348160K, 99% used [0x00000000e0000000,0x00000000f53d4658,0x00000000f5400000)
  from space 13312K, 99% used [0x00000000f5400000,0x00000000f60df760,0x00000000f6100000)
  to   space 82432K, 0% used [0x00000000fa480000,0x00000000fa480000,0x00000000ff500000)
 ParOldGen       total 244224K, used 128255K [0x00000000a0000000, 0x00000000aee80000, 0x00000000e0000000)
  object space 244224K, 52% used [0x00000000a0000000,0x00000000a7d3fe38,0x00000000aee80000)
 Metaspace       used 98853K, capacity 108168K, committed 111872K, reserved 1146880K
  class space    used 12216K, capacity 14455K, committed 15360K, reserved 1048576K
Event: 5033.110 GC heap after
Heap after GC invocations=76 (full 6):
 PSYoungGen      total 432640K, used 6519K [0x00000000e0000000, 0x0000000100000000, 0x0000000100000000)
  eden space 350208K, 0% used [0x00000000e0000000,0x00000000e0000000,0x00000000f5600000)
  from space 82432K, 7% used [0x00000000fa480000,0x00000000faadde58,0x00000000ff500000)
  to   space 80384K, 0% used [0x00000000f5600000,0x00000000f5600000,0x00000000fa480000)
 ParOldGen       total 244224K, used 128255K [0x00000000a0000000, 0x00000000aee80000, 0x00000000e0000000)
  object space 244224K, 52% used [0x00000000a0000000,0x00000000a7d3fe38,0x00000000aee80000)
 Metaspace       used 98853K, capacity 108168K, committed 111872K, reserved 1146880K
  class space    used 12216K, capacity 14455K, committed 15360K, reserved 1048576K
}
Event: 5054.590 GC heap before
{Heap before GC invocations=77 (full 6):
 PSYoungGen      total 432640K, used 356727K [0x00000000e0000000, 0x0000000100000000, 0x0000000100000000)
  eden space 350208K, 100% used [0x00000000e0000000,0x00000000f5600000,0x00000000f5600000)
  from space 82432K, 7% used [0x00000000fa480000,0x00000000faadde58,0x00000000ff500000)
  to   space 80384K, 0% used [0x00000000f5600000,0x00000000f5600000,0x00000000fa480000)
 ParOldGen       total 244224K, used 128255K [0x00000000a0000000, 0x00000000aee80000, 0x00000000e0000000)
  object space 244224K, 52% used [0x00000000a0000000,0x00000000a7d3fe38,0x00000000aee80000)
 Metaspace       used 98980K, capacity 108440K, committed 111872K, reserved 1146880K
  class space    used 12234K, capacity 14509K, committed 15360K, reserved 1048576K
Event: 5054.629 GC heap after
Heap after GC invocations=77 (full 6):
 PSYoungGen      total 430592K, used 24283K [0x00000000e0000000, 0x00000000ff300000, 0x0000000100000000)
  eden space 350208K, 0% used [0x00000000e0000000,0x00000000e0000000,0x00000000f5600000)
  from space 80384K, 30% used [0x00000000f5600000,0x00000000f6db6ee0,0x00000000fa480000)
  to   space 74752K, 0% used [0x00000000faa00000,0x00000000faa00000,0x00000000ff300000)
 ParOldGen       total 244224K, used 128255K [0x00000000a0000000, 0x00000000aee80000, 0x00000000e0000000)
  object space 244224K, 52% used [0x00000000a0000000,0x00000000a7d3fe38,0x00000000aee80000)
 Metaspace       used 98980K, capacity 108440K, committed 111872K, reserved 1146880K
  class space    used 12234K, capacity 14509K, committed 15360K, reserved 1048576K
}

