# JRE version: OpenJDK Runtime Environment (8.0_152-b01) (build 1.8.0_152-release-915-b01)
# Java VM: OpenJDK 64-Bit Server VM (25.152-b01 mixed mode windows-amd64 compressed oops)
Heap:
 PSYoungGen      total 131072K, used 80795K [0x00000000e0000000, 0x00000000ea180000, 0x0000000100000000)
  eden space 116224K, 56% used [0x00000000e0000000,0x00000000e4067978,0x00000000e7180000)
  from space 14848K, 99% used [0x00000000e8500000,0x00000000e937f4e0,0x00000000e9380000)
  to   space 19968K, 0% used [0x00000000e7180000,0x00000000e7180000,0x00000000e8500000)
 ParOldGen       total 66048K, used 26823K [0x00000000a0000000, 0x00000000a4080000, 0x00000000e0000000)
  object space 66048K, 40% used [0x00000000a0000000,0x00000000a1a31d88,0x00000000a4080000)
 Metaspace       used 54929K, capacity 56924K, committed 57176K, reserved 1097728K
  class space    used 7486K, capacity 8037K, committed 8064K, reserved 1048576K
GC Heap History (10 events):
Event: 9.400 GC heap before
{Heap before GC invocations=10 (full 1):
 PSYoungGen      total 94720K, used 69652K [0x00000000e0000000, 0x00000000e6780000, 0x0000000100000000)
  eden space 85504K, 71% used [0x00000000e0000000,0x00000000e3c1b1c8,0x00000000e5380000)
  from space 9216K, 87% used [0x00000000e5e00000,0x00000000e65ea058,0x00000000e6700000)
  to   space 10240K, 0% used [0x00000000e5380000,0x00000000e5380000,0x00000000e5d80000)
 ParOldGen       total 40960K, used 8713K [0x00000000a0000000, 0x00000000a2800000, 0x00000000e0000000)
  object space 40960K, 21% used [0x00000000a0000000,0x00000000a0882578,0x00000000a2800000)
 Metaspace       used 34433K, capacity 35222K, committed 35416K, reserved 1079296K
  class space    used 4695K, capacity 4961K, committed 4992K, reserved 1048576K
Event: 9.413 GC heap after
Heap after GC invocations=10 (full 1):
 PSYoungGen      total 95744K, used 10152K [0x00000000e0000000, 0x00000000e7a80000, 0x0000000100000000)
  eden space 85504K, 0% used [0x00000000e0000000,0x00000000e0000000,0x00000000e5380000)
  from space 10240K, 99% used [0x00000000e5380000,0x00000000e5d6a188,0x00000000e5d80000)
  to   space 11776K, 0% used [0x00000000e6f00000,0x00000000e6f00000,0x00000000e7a80000)
 ParOldGen       total 40960K, used 8785K [0x00000000a0000000, 0x00000000a2800000, 0x00000000e0000000)
  object space 40960K, 21% used [0x00000000a0000000,0x00000000a0894588,0x00000000a2800000)
 Metaspace       used 34433K, capacity 35222K, committed 35416K, reserved 1079296K
  class space    used 4695K, capacity 4961K, committed 4992K, reserved 1048576K
}
Event: 9.413 GC heap before
{Heap before GC invocations=11 (full 2):
 PSYoungGen      total 95744K, used 10152K [0x00000000e0000000, 0x00000000e7a80000, 0x0000000100000000)
  eden space 85504K, 0% used [0x00000000e0000000,0x00000000e0000000,0x00000000e5380000)
  from space 10240K, 99% used [0x00000000e5380000,0x00000000e5d6a188,0x00000000e5d80000)
  to   space 11776K, 0% used [0x00000000e6f00000,0x00000000e6f00000,0x00000000e7a80000)
 ParOldGen       total 40960K, used 8785K [0x00000000a0000000, 0x00000000a2800000, 0x00000000e0000000)
  object space 40960K, 21% used [0x00000000a0000000,0x00000000a0894588,0x00000000a2800000)
 Metaspace       used 34433K, capacity 35222K, committed 35416K, reserved 1079296K
  class space    used 4695K, capacity 4961K, committed 4992K, reserved 1048576K
Event: 9.493 GC heap after
Heap after GC invocations=11 (full 2):
 PSYoungGen      total 95744K, used 0K [0x00000000e0000000, 0x00000000e7a80000, 0x0000000100000000)
  eden space 85504K, 0% used [0x00000000e0000000,0x00000000e0000000,0x00000000e5380000)
  from space 10240K, 0% used [0x00000000e5380000,0x00000000e5380000,0x00000000e5d80000)
  to   space 11776K, 0% used [0x00000000e6f00000,0x00000000e6f00000,0x00000000e7a80000)
 ParOldGen       total 66048K, used 16109K [0x00000000a0000000, 0x00000000a4080000, 0x00000000e0000000)
  object space 66048K, 24% used [0x00000000a0000000,0x00000000a0fbb5f8,0x00000000a4080000)
 Metaspace       used 34433K, capacity 35222K, committed 35416K, reserved 1079296K
  class space    used 4695K, capacity 4961K, committed 4992K, reserved 1048576K
}
Event: 11.357 GC heap before
{Heap before GC invocations=12 (full 2):
 PSYoungGen      total 95744K, used 85504K [0x00000000e0000000, 0x00000000e7a80000, 0x0000000100000000)
  eden space 85504K, 100% used [0x00000000e0000000,0x00000000e5380000,0x00000000e5380000)
  from space 10240K, 0% used [0x00000000e5380000,0x00000000e5380000,0x00000000e5d80000)
  to   space 11776K, 0% used [0x00000000e6f00000,0x00000000e6f00000,0x00000000e7a80000)
 ParOldGen       total 66048K, used 16109K [0x00000000a0000000, 0x00000000a4080000, 0x00000000e0000000)
  object space 66048K, 24% used [0x00000000a0000000,0x00000000a0fbb5f8,0x00000000a4080000)
 Metaspace       used 40722K, capacity 41636K, committed 42072K, reserved 1085440K
  class space    used 5425K, capacity 5742K, committed 5760K, reserved 1048576K
Event: 11.373 GC heap after
Heap after GC invocations=12 (full 2):
 PSYoungGen      total 113152K, used 9607K [0x00000000e0000000, 0x00000000e7c80000, 0x0000000100000000)
  eden space 101376K, 0% used [0x00000000e0000000,0x00000000e0000000,0x00000000e6300000)
  from space 11776K, 81% used [0x00000000e6f00000,0x00000000e7861e30,0x00000000e7a80000)
  to   space 12288K, 0% used [0x00000000e6300000,0x00000000e6300000,0x00000000e6f00000)
 ParOldGen       total 66048K, used 16117K [0x00000000a0000000, 0x00000000a4080000, 0x00000000e0000000)
  object space 66048K, 24% used [0x00000000a0000000,0x00000000a0fbd5f8,0x00000000a4080000)
 Metaspace       used 40722K, capacity 41636K, committed 42072K, reserved 1085440K
  class space    used 5425K, capacity 5742K, committed 5760K, reserved 1048576K
}
Event: 15.094 GC heap before
{Heap before GC invocations=13 (full 2):
 PSYoungGen      total 113152K, used 110983K [0x00000000e0000000, 0x00000000e7c80000, 0x0000000100000000)
  eden space 101376K, 100% used [0x00000000e0000000,0x00000000e6300000,0x00000000e6300000)
  from space 11776K, 81% used [0x00000000e6f00000,0x00000000e7861e30,0x00000000e7a80000)
  to   space 12288K, 0% used [0x00000000e6300000,0x00000000e6300000,0x00000000e6f00000)
 ParOldGen       total 66048K, used 16117K [0x00000000a0000000, 0x00000000a4080000, 0x00000000e0000000)
  object space 66048K, 24% used [0x00000000a0000000,0x00000000a0fbd5f8,0x00000000a4080000)
 Metaspace       used 47368K, capacity 48544K, committed 48728K, reserved 1091584K
  class space    used 6363K, capacity 6742K, committed 6784K, reserved 1048576K
Event: 15.123 GC heap after
Heap after GC invocations=13 (full 2):
 PSYoungGen      total 113664K, used 12260K [0x00000000e0000000, 0x00000000e9380000, 0x0000000100000000)
  eden space 101376K, 0% used [0x00000000e0000000,0x00000000e0000000,0x00000000e6300000)
  from space 12288K, 99% used [0x00000000e6300000,0x00000000e6ef9290,0x00000000e6f00000)
  to   space 14848K, 0% used [0x00000000e8500000,0x00000000e8500000,0x00000000e9380000)
 ParOldGen       total 66048K, used 18619K [0x00000000a0000000, 0x00000000a4080000, 0x00000000e0000000)
  object space 66048K, 28% used [0x00000000a0000000,0x00000000a122ee88,0x00000000a4080000)
 Metaspace       used 47368K, capacity 48544K, committed 48728K, reserved 1091584K
  class space    used 6363K, capacity 6742K, committed 6784K, reserved 1048576K
}
Event: 17.492 GC heap before
{Heap before GC invocations=14 (full 2):
 PSYoungGen      total 113664K, used 113636K [0x00000000e0000000, 0x00000000e9380000, 0x0000000100000000)
  eden space 101376K, 100% used [0x00000000e0000000,0x00000000e6300000,0x00000000e6300000)
  from space 12288K, 99% used [0x00000000e6300000,0x00000000e6ef9290,0x00000000e6f00000)
  to   space 14848K, 0% used [0x00000000e8500000,0x00000000e8500000,0x00000000e9380000)
 ParOldGen       total 66048K, used 18619K [0x00000000a0000000, 0x00000000a4080000, 0x00000000e0000000)
  object space 66048K, 28% used [0x00000000a0000000,0x00000000a122ee88,0x00000000a4080000)
 Metaspace       used 53224K, capacity 55138K, committed 55512K, reserved 1097728K
  class space    used 7285K, capacity 7857K, committed 7936K, reserved 1048576K
Event: 17.544 GC heap after
Heap after GC invocations=14 (full 2):
 PSYoungGen      total 131072K, used 14845K [0x00000000e0000000, 0x00000000ea180000, 0x0000000100000000)
  eden space 116224K, 0% used [0x00000000e0000000,0x00000000e0000000,0x00000000e7180000)
  from space 14848K, 99% used [0x00000000e8500000,0x00000000e937f4e0,0x00000000e9380000)
  to   space 19968K, 0% used [0x00000000e7180000,0x00000000e7180000,0x00000000e8500000)
 ParOldGen       total 66048K, used 26823K [0x00000000a0000000, 0x00000000a4080000, 0x00000000e0000000)
  object space 66048K, 40% used [0x00000000a0000000,0x00000000a1a31d88,0x00000000a4080000)
 Metaspace       used 53224K, capacity 55138K, committed 55512K, reserved 1097728K
  class space    used 7285K, capacity 7857K, committed 7936K, reserved 1048576K
}

