# JRE version: OpenJDK Runtime Environment (8.0_152-b01) (build 1.8.0_152-release-915-b01)
# Java VM: OpenJDK 64-Bit Server VM (25.152-b01 mixed mode windows-amd64 compressed oops)
Heap:
 PSYoungGen      total 382464K, used 309728K [0x00000000e0000000, 0x00000000fa800000, 0x0000000100000000)
  eden space 336896K, 90% used [0x00000000e0000000,0x00000000f28d7738,0x00000000f4900000)
  from space 45568K, 12% used [0x00000000f7b80000,0x00000000f8120ba0,0x00000000fa800000)
  to   space 48640K, 0% used [0x00000000f4900000,0x00000000f4900000,0x00000000f7880000)
 ParOldGen       total 196608K, used 124059K [0x00000000a0000000, 0x00000000ac000000, 0x00000000e0000000)
  object space 196608K, 63% used [0x00000000a0000000,0x00000000a7926c48,0x00000000ac000000)
 Metaspace       used 84075K, capacity 89276K, committed 89472K, reserved 1126400K
  class space    used 10609K, capacity 11809K, committed 11904K, reserved 1048576K
GC Heap History (10 events):
Event: 725.172 GC heap before
{Heap before GC invocations=36 (full 4):
 PSYoungGen      total 259072K, used 217843K [0x00000000e0000000, 0x00000000f4e00000, 0x0000000100000000)
  eden space 204288K, 99% used [0x00000000e0000000,0x00000000ec76f510,0x00000000ec780000)
  from space 54784K, 24% used [0x00000000ec780000,0x00000000ed4cd938,0x00000000efd00000)
  to   space 53248K, 0% used [0x00000000f1a00000,0x00000000f1a00000,0x00000000f4e00000)
 ParOldGen       total 196608K, used 111047K [0x00000000a0000000, 0x00000000ac000000, 0x00000000e0000000)
  object space 196608K, 56% used [0x00000000a0000000,0x00000000a6c71de8,0x00000000ac000000)
 Metaspace       used 83076K, capacity 87866K, committed 87936K, reserved 1126400K
  class space    used 10512K, capacity 11619K, committed 11648K, reserved 1048576K
Event: 725.191 GC heap after
Heap after GC invocations=36 (full 4):
 PSYoungGen      total 283648K, used 31491K [0x00000000e0000000, 0x00000000f4c00000, 0x0000000100000000)
  eden space 232448K, 0% used [0x00000000e0000000,0x00000000e0000000,0x00000000ee300000)
  from space 51200K, 61% used [0x00000000f1a00000,0x00000000f38c0f30,0x00000000f4c00000)
  to   space 53760K, 0% used [0x00000000ee300000,0x00000000ee300000,0x00000000f1780000)
 ParOldGen       total 196608K, used 111199K [0x00000000a0000000, 0x00000000ac000000, 0x00000000e0000000)
  object space 196608K, 56% used [0x00000000a0000000,0x00000000a6c97de8,0x00000000ac000000)
 Metaspace       used 83076K, capacity 87866K, committed 87936K, reserved 1126400K
  class space    used 10512K, capacity 11619K, committed 11648K, reserved 1048576K
}
Event: 725.231 GC heap before
{Heap before GC invocations=37 (full 4):
 PSYoungGen      total 283648K, used 263559K [0x00000000e0000000, 0x00000000f4c00000, 0x0000000100000000)
  eden space 232448K, 99% used [0x00000000e0000000,0x00000000ee2a0ed0,0x00000000ee300000)
  from space 51200K, 61% used [0x00000000f1a00000,0x00000000f38c0f30,0x00000000f4c00000)
  to   space 53760K, 0% used [0x00000000ee300000,0x00000000ee300000,0x00000000f1780000)
 ParOldGen       total 196608K, used 111199K [0x00000000a0000000, 0x00000000ac000000, 0x00000000e0000000)
  object space 196608K, 56% used [0x00000000a0000000,0x00000000a6c97de8,0x00000000ac000000)
 Metaspace       used 83087K, capacity 87866K, committed 87936K, reserved 1126400K
  class space    used 10512K, capacity 11619K, committed 11648K, reserved 1048576K
Event: 725.243 GC heap after
Heap after GC invocations=37 (full 4):
 PSYoungGen      total 286208K, used 25082K [0x00000000e0000000, 0x00000000f7500000, 0x0000000100000000)
  eden space 232448K, 0% used [0x00000000e0000000,0x00000000e0000000,0x00000000ee300000)
  from space 53760K, 46% used [0x00000000ee300000,0x00000000efb7e8b8,0x00000000f1780000)
  to   space 51200K, 0% used [0x00000000f4300000,0x00000000f4300000,0x00000000f7500000)
 ParOldGen       total 196608K, used 111207K [0x00000000a0000000, 0x00000000ac000000, 0x00000000e0000000)
  object space 196608K, 56% used [0x00000000a0000000,0x00000000a6c99de8,0x00000000ac000000)
 Metaspace       used 83087K, capacity 87866K, committed 87936K, reserved 1126400K
  class space    used 10512K, capacity 11619K, committed 11648K, reserved 1048576K
}
Event: 725.295 GC heap before
{Heap before GC invocations=38 (full 4):
 PSYoungGen      total 286208K, used 257420K [0x00000000e0000000, 0x00000000f7500000, 0x0000000100000000)
  eden space 232448K, 99% used [0x00000000e0000000,0x00000000ee2e47c0,0x00000000ee300000)
  from space 53760K, 46% used [0x00000000ee300000,0x00000000efb7e8b8,0x00000000f1780000)
  to   space 51200K, 0% used [0x00000000f4300000,0x00000000f4300000,0x00000000f7500000)
 ParOldGen       total 196608K, used 111207K [0x00000000a0000000, 0x00000000ac000000, 0x00000000e0000000)
  object space 196608K, 56% used [0x00000000a0000000,0x00000000a6c99de8,0x00000000ac000000)
 Metaspace       used 83087K, capacity 87866K, committed 87936K, reserved 1126400K
  class space    used 10512K, capacity 11619K, committed 11648K, reserved 1048576K
Event: 725.308 GC heap after
Heap after GC invocations=38 (full 4):
 PSYoungGen      total 331776K, used 24438K [0x00000000e0000000, 0x00000000f7400000, 0x0000000100000000)
  eden space 281600K, 0% used [0x00000000e0000000,0x00000000e0000000,0x00000000f1300000)
  from space 50176K, 48% used [0x00000000f4300000,0x00000000f5add938,0x00000000f7400000)
  to   space 49152K, 0% used [0x00000000f1300000,0x00000000f1300000,0x00000000f4300000)
 ParOldGen       total 196608K, used 111695K [0x00000000a0000000, 0x00000000ac000000, 0x00000000e0000000)
  object space 196608K, 56% used [0x00000000a0000000,0x00000000a6d13e30,0x00000000ac000000)
 Metaspace       used 83087K, capacity 87866K, committed 87936K, reserved 1126400K
  class space    used 10512K, capacity 11619K, committed 11648K, reserved 1048576K
}
Event: 763.351 GC heap before
{Heap before GC invocations=39 (full 4):
 PSYoungGen      total 331776K, used 306038K [0x00000000e0000000, 0x00000000f7400000, 0x0000000100000000)
  eden space 281600K, 100% used [0x00000000e0000000,0x00000000f1300000,0x00000000f1300000)
  from space 50176K, 48% used [0x00000000f4300000,0x00000000f5add938,0x00000000f7400000)
  to   space 49152K, 0% used [0x00000000f1300000,0x00000000f1300000,0x00000000f4300000)
 ParOldGen       total 196608K, used 111695K [0x00000000a0000000, 0x00000000ac000000, 0x00000000e0000000)
  object space 196608K, 56% used [0x00000000a0000000,0x00000000a6d13e30,0x00000000ac000000)
 Metaspace       used 83409K, capacity 88444K, committed 88576K, reserved 1126400K
  class space    used 10558K, capacity 11712K, committed 11776K, reserved 1048576K
Event: 763.394 GC heap after
Heap after GC invocations=39 (full 4):
 PSYoungGen      total 330752K, used 11073K [0x00000000e0000000, 0x00000000fab00000, 0x0000000100000000)
  eden space 281600K, 0% used [0x00000000e0000000,0x00000000e0000000,0x00000000f1300000)
  from space 49152K, 22% used [0x00000000f1300000,0x00000000f1dd0580,0x00000000f4300000)
  to   space 48640K, 0% used [0x00000000f7b80000,0x00000000f7b80000,0x00000000fab00000)
 ParOldGen       total 196608K, used 123713K [0x00000000a0000000, 0x00000000ac000000, 0x00000000e0000000)
  object space 196608K, 62% used [0x00000000a0000000,0x00000000a78d06c8,0x00000000ac000000)
 Metaspace       used 83409K, capacity 88444K, committed 88576K, reserved 1126400K
  class space    used 10558K, capacity 11712K, committed 11776K, reserved 1048576K
}
Event: 764.696 GC heap before
{Heap before GC invocations=40 (full 4):
 PSYoungGen      total 330752K, used 292223K [0x00000000e0000000, 0x00000000fab00000, 0x0000000100000000)
  eden space 281600K, 99% used [0x00000000e0000000,0x00000000f128f858,0x00000000f1300000)
  from space 49152K, 22% used [0x00000000f1300000,0x00000000f1dd0580,0x00000000f4300000)
  to   space 48640K, 0% used [0x00000000f7b80000,0x00000000f7b80000,0x00000000fab00000)
 ParOldGen       total 196608K, used 123713K [0x00000000a0000000, 0x00000000ac000000, 0x00000000e0000000)
  object space 196608K, 62% used [0x00000000a0000000,0x00000000a78d06c8,0x00000000ac000000)
 Metaspace       used 83505K, capacity 88576K, committed 88832K, reserved 1126400K
  class space    used 10571K, capacity 11734K, committed 11776K, reserved 1048576K
Event: 764.713 GC heap after
Heap after GC invocations=40 (full 4):
 PSYoungGen      total 382464K, used 5762K [0x00000000e0000000, 0x00000000fa800000, 0x0000000100000000)
  eden space 336896K, 0% used [0x00000000e0000000,0x00000000e0000000,0x00000000f4900000)
  from space 45568K, 12% used [0x00000000f7b80000,0x00000000f8120ba0,0x00000000fa800000)
  to   space 48640K, 0% used [0x00000000f4900000,0x00000000f4900000,0x00000000f7880000)
 ParOldGen       total 196608K, used 124059K [0x00000000a0000000, 0x00000000ac000000, 0x00000000e0000000)
  object space 196608K, 63% used [0x00000000a0000000,0x00000000a7926c48,0x00000000ac000000)
 Metaspace       used 83505K, capacity 88576K, committed 88832K, reserved 1126400K
  class space    used 10571K, capacity 11734K, committed 11776K, reserved 1048576K
}

